[2022-11-25 03:52:15,915] {taskinstance.py:1159} INFO - Dependencies all met for <TaskInstance: etl_solar.checkfiles.check_energy_file_1 scheduled__2022-11-24T00:00:00+00:00 [queued]>
[2022-11-25 03:52:15,951] {taskinstance.py:1159} INFO - Dependencies all met for <TaskInstance: etl_solar.checkfiles.check_energy_file_1 scheduled__2022-11-24T00:00:00+00:00 [queued]>
[2022-11-25 03:52:15,951] {taskinstance.py:1356} INFO - 
--------------------------------------------------------------------------------
[2022-11-25 03:52:15,952] {taskinstance.py:1357} INFO - Starting attempt 1 of 1
[2022-11-25 03:52:15,952] {taskinstance.py:1358} INFO - 
--------------------------------------------------------------------------------
[2022-11-25 03:52:16,007] {taskinstance.py:1377} INFO - Executing <Task(BashOperator): checkfiles.check_energy_file_1> on 2022-11-24 00:00:00+00:00
[2022-11-25 03:52:16,106] {standard_task_runner.py:52} INFO - Started process 73 to run task
[2022-11-25 03:52:16,139] {standard_task_runner.py:79} INFO - Running: ['***', 'tasks', 'run', 'etl_solar', 'checkfiles.check_energy_file_1', 'scheduled__2022-11-24T00:00:00+00:00', '--job-id', '269', '--raw', '--subdir', 'DAGS_FOLDER/dag_preprocess.py', '--cfg-path', '/tmp/tmpp_164k07', '--error-file', '/tmp/tmp0dxm1vq3']
[2022-11-25 03:52:16,152] {standard_task_runner.py:80} INFO - Job 269: Subtask checkfiles.check_energy_file_1
[2022-11-25 03:52:16,229] {warnings.py:110} WARNING - /home/***/.local/lib/python3.7/site-packages/***/configuration.py:470: DeprecationWarning: The sql_alchemy_conn option in [core] has been moved to the sql_alchemy_conn option in [database] - the old setting has been used, but please update your config.
  option = self._get_environment_variables(deprecated_key, deprecated_section, key, section)

[2022-11-25 03:52:16,552] {task_command.py:369} INFO - Running <TaskInstance: etl_solar.checkfiles.check_energy_file_1 scheduled__2022-11-24T00:00:00+00:00 [running]> on host 8a647070b091
[2022-11-25 03:52:17,074] {local_task_job.py:84} ERROR - Received SIGTERM. Terminating subprocesses
[2022-11-25 03:52:17,093] {taskinstance.py:1571} INFO - Exporting the following env vars:
AIRFLOW_CTX_DAG_OWNER=***
AIRFLOW_CTX_DAG_ID=etl_solar
AIRFLOW_CTX_TASK_ID=checkfiles.check_energy_file_1
AIRFLOW_CTX_EXECUTION_DATE=2022-11-24T00:00:00+00:00
AIRFLOW_CTX_TRY_NUMBER=1
AIRFLOW_CTX_DAG_RUN_ID=scheduled__2022-11-24T00:00:00+00:00
[2022-11-25 03:52:17,094] {process_utils.py:129} INFO - Sending Signals.SIGTERM to group 73. PIDs of all processes in the group: [73]
[2022-11-25 03:52:17,096] {process_utils.py:80} INFO - Sending the signal Signals.SIGTERM to group 73
[2022-11-25 03:52:17,122] {taskinstance.py:1889} ERROR - Task failed with exception
Traceback (most recent call last):
  File "/usr/local/lib/python3.7/logging/__init__.py", line 1029, in emit
    self.flush()
  File "/usr/local/lib/python3.7/logging/__init__.py", line 1009, in flush
    self.stream.flush()
RuntimeError: reentrant call inside <_io.BufferedWriter name='/opt/***/logs/dag_id=etl_solar/run_id=scheduled__2022-11-24T00:00:00+00:00/task_id=checkfiles.check_energy_file_1/attempt=1.log'>

During handling of the above exception, another exception occurred:

Traceback (most recent call last):
  File "/usr/local/lib/python3.7/logging/__init__.py", line 1029, in emit
    self.flush()
  File "/usr/local/lib/python3.7/logging/__init__.py", line 1009, in flush
    self.stream.flush()
RuntimeError: reentrant call inside <_io.BufferedWriter name='/opt/***/logs/dag_id=etl_solar/run_id=scheduled__2022-11-24T00:00:00+00:00/task_id=checkfiles.check_energy_file_1/attempt=1.log'>

During handling of the above exception, another exception occurred:

Traceback (most recent call last):
  File "/usr/local/lib/python3.7/logging/__init__.py", line 1029, in emit
    self.flush()
  File "/usr/local/lib/python3.7/logging/__init__.py", line 1009, in flush
    self.stream.flush()
RuntimeError: reentrant call inside <_io.BufferedWriter name='/opt/***/logs/dag_id=etl_solar/run_id=scheduled__2022-11-24T00:00:00+00:00/task_id=checkfiles.check_energy_file_1/attempt=1.log'>

During handling of the above exception, another exception occurred:

Traceback (most recent call last):
  File "/usr/local/lib/python3.7/logging/__init__.py", line 1029, in emit
    self.flush()
  File "/usr/local/lib/python3.7/logging/__init__.py", line 1009, in flush
    self.stream.flush()
RuntimeError: reentrant call inside <_io.BufferedWriter name='/opt/***/logs/dag_id=etl_solar/run_id=scheduled__2022-11-24T00:00:00+00:00/task_id=checkfiles.check_energy_file_1/attempt=1.log'>

During handling of the above exception, another exception occurred:

Traceback (most recent call last):
  File "/usr/local/lib/python3.7/logging/__init__.py", line 1029, in emit
    self.flush()
  File "/usr/local/lib/python3.7/logging/__init__.py", line 1009, in flush
    self.stream.flush()
RuntimeError: reentrant call inside <_io.BufferedWriter name='/opt/***/logs/dag_id=etl_solar/run_id=scheduled__2022-11-24T00:00:00+00:00/task_id=checkfiles.check_energy_file_1/attempt=1.log'>

During handling of the above exception, another exception occurred:

Traceback (most recent call last):
  File "/usr/local/lib/python3.7/logging/__init__.py", line 1029, in emit
    self.flush()
  File "/usr/local/lib/python3.7/logging/__init__.py", line 1009, in flush
    self.stream.flush()
RuntimeError: reentrant call inside <_io.BufferedWriter name='/opt/***/logs/dag_id=etl_solar/run_id=scheduled__2022-11-24T00:00:00+00:00/task_id=checkfiles.check_energy_file_1/attempt=1.log'>

During handling of the above exception, another exception occurred:

Traceback (most recent call last):
  File "/usr/local/lib/python3.7/logging/__init__.py", line 1029, in emit
    self.flush()
  File "/usr/local/lib/python3.7/logging/__init__.py", line 1009, in flush
    self.stream.flush()
RuntimeError: reentrant call inside <_io.BufferedWriter name='/opt/***/logs/dag_id=etl_solar/run_id=scheduled__2022-11-24T00:00:00+00:00/task_id=checkfiles.check_energy_file_1/attempt=1.log'>

During handling of the above exception, another exception occurred:

Traceback (most recent call last):
  File "/usr/local/lib/python3.7/logging/__init__.py", line 1029, in emit
    self.flush()
  File "/usr/local/lib/python3.7/logging/__init__.py", line 1009, in flush
    self.stream.flush()
RuntimeError: reentrant call inside <_io.BufferedWriter name='/opt/***/logs/dag_id=etl_solar/run_id=scheduled__2022-11-24T00:00:00+00:00/task_id=checkfiles.check_energy_file_1/attempt=1.log'>

During handling of the above exception, another exception occurred:

Traceback (most recent call last):
  File "/usr/local/lib/python3.7/logging/__init__.py", line 1029, in emit
    self.flush()
  File "/usr/local/lib/python3.7/logging/__init__.py", line 1009, in flush
    self.stream.flush()
RuntimeError: reentrant call inside <_io.BufferedWriter name='/opt/***/logs/dag_id=etl_solar/run_id=scheduled__2022-11-24T00:00:00+00:00/task_id=checkfiles.check_energy_file_1/attempt=1.log'>

During handling of the above exception, another exception occurred:

Traceback (most recent call last):
  File "/usr/local/lib/python3.7/logging/__init__.py", line 1029, in emit
    self.flush()
  File "/usr/local/lib/python3.7/logging/__init__.py", line 1009, in flush
    self.stream.flush()
RuntimeError: reentrant call inside <_io.BufferedWriter name='/opt/***/logs/dag_id=etl_solar/run_id=scheduled__2022-11-24T00:00:00+00:00/task_id=checkfiles.check_energy_file_1/attempt=1.log'>

During handling of the above exception, another exception occurred:

Traceback (most recent call last):
  File "/usr/local/lib/python3.7/logging/__init__.py", line 1029, in emit
    self.flush()
  File "/usr/local/lib/python3.7/logging/__init__.py", line 1009, in flush
    self.stream.flush()
RuntimeError: reentrant call inside <_io.BufferedWriter name='/opt/***/logs/dag_id=etl_solar/run_id=scheduled__2022-11-24T00:00:00+00:00/task_id=checkfiles.check_energy_file_1/attempt=1.log'>

During handling of the above exception, another exception occurred:

Traceback (most recent call last):
  File "/usr/local/lib/python3.7/logging/__init__.py", line 1029, in emit
    self.flush()
  File "/usr/local/lib/python3.7/logging/__init__.py", line 1009, in flush
    self.stream.flush()
RuntimeError: reentrant call inside <_io.BufferedWriter name='/opt/***/logs/dag_id=etl_solar/run_id=scheduled__2022-11-24T00:00:00+00:00/task_id=checkfiles.check_energy_file_1/attempt=1.log'>

During handling of the above exception, another exception occurred:

Traceback (most recent call last):
  File "/usr/local/lib/python3.7/logging/__init__.py", line 1029, in emit
    self.flush()
  File "/usr/local/lib/python3.7/logging/__init__.py", line 1009, in flush
    self.stream.flush()
RuntimeError: reentrant call inside <_io.BufferedWriter name='/opt/***/logs/dag_id=etl_solar/run_id=scheduled__2022-11-24T00:00:00+00:00/task_id=checkfiles.check_energy_file_1/attempt=1.log'>

During handling of the above exception, another exception occurred:

Traceback (most recent call last):
  File "/usr/local/lib/python3.7/logging/__init__.py", line 1029, in emit
    self.flush()
  File "/usr/local/lib/python3.7/logging/__init__.py", line 1009, in flush
    self.stream.flush()
RuntimeError: reentrant call inside <_io.BufferedWriter name='/opt/***/logs/dag_id=etl_solar/run_id=scheduled__2022-11-24T00:00:00+00:00/task_id=checkfiles.check_energy_file_1/attempt=1.log'>

During handling of the above exception, another exception occurred:

Traceback (most recent call last):
  File "/usr/local/lib/python3.7/logging/__init__.py", line 1029, in emit
    self.flush()
  File "/usr/local/lib/python3.7/logging/__init__.py", line 1009, in flush
    self.stream.flush()
RuntimeError: reentrant call inside <_io.BufferedWriter name='/opt/***/logs/dag_id=etl_solar/run_id=scheduled__2022-11-24T00:00:00+00:00/task_id=checkfiles.check_energy_file_1/attempt=1.log'>

During handling of the above exception, another exception occurred:

Traceback (most recent call last):
  File "/usr/local/lib/python3.7/logging/__init__.py", line 1029, in emit
    self.flush()
  File "/usr/local/lib/python3.7/logging/__init__.py", line 1009, in flush
    self.stream.flush()
RuntimeError: reentrant call inside <_io.BufferedWriter name='/opt/***/logs/dag_id=etl_solar/run_id=scheduled__2022-11-24T00:00:00+00:00/task_id=checkfiles.check_energy_file_1/attempt=1.log'>

During handling of the above exception, another exception occurred:

Traceback (most recent call last):
  File "/usr/local/lib/python3.7/logging/__init__.py", line 1029, in emit
    self.flush()
  File "/usr/local/lib/python3.7/logging/__init__.py", line 1009, in flush
    self.stream.flush()
RuntimeError: reentrant call inside <_io.BufferedWriter name='/opt/***/logs/dag_id=etl_solar/run_id=scheduled__2022-11-24T00:00:00+00:00/task_id=checkfiles.check_energy_file_1/attempt=1.log'>

During handling of the above exception, another exception occurred:

Traceback (most recent call last):
  File "/usr/local/lib/python3.7/logging/__init__.py", line 1029, in emit
    self.flush()
  File "/usr/local/lib/python3.7/logging/__init__.py", line 1009, in flush
    self.stream.flush()
RuntimeError: reentrant call inside <_io.BufferedWriter name='/opt/***/logs/dag_id=etl_solar/run_id=scheduled__2022-11-24T00:00:00+00:00/task_id=checkfiles.check_energy_file_1/attempt=1.log'>

During handling of the above exception, another exception occurred:

Traceback (most recent call last):
  File "/usr/local/lib/python3.7/logging/__init__.py", line 1029, in emit
    self.flush()
  File "/usr/local/lib/python3.7/logging/__init__.py", line 1009, in flush
    self.stream.flush()
RuntimeError: reentrant call inside <_io.BufferedWriter name='/opt/***/logs/dag_id=etl_solar/run_id=scheduled__2022-11-24T00:00:00+00:00/task_id=checkfiles.check_energy_file_1/attempt=1.log'>

During handling of the above exception, another exception occurred:

Traceback (most recent call last):
  File "/usr/local/lib/python3.7/logging/__init__.py", line 1029, in emit
    self.flush()
  File "/usr/local/lib/python3.7/logging/__init__.py", line 1009, in flush
    self.stream.flush()
RuntimeError: reentrant call inside <_io.BufferedWriter name='/opt/***/logs/dag_id=etl_solar/run_id=scheduled__2022-11-24T00:00:00+00:00/task_id=checkfiles.check_energy_file_1/attempt=1.log'>

During handling of the above exception, another exception occurred:

Traceback (most recent call last):
  File "/usr/local/lib/python3.7/logging/__init__.py", line 1029, in emit
    self.flush()
  File "/usr/local/lib/python3.7/logging/__init__.py", line 1009, in flush
    self.stream.flush()
RuntimeError: reentrant call inside <_io.BufferedWriter name='/opt/***/logs/dag_id=etl_solar/run_id=scheduled__2022-11-24T00:00:00+00:00/task_id=checkfiles.check_energy_file_1/attempt=1.log'>

During handling of the above exception, another exception occurred:

Traceback (most recent call last):
  File "/usr/local/lib/python3.7/logging/__init__.py", line 1029, in emit
    self.flush()
  File "/usr/local/lib/python3.7/logging/__init__.py", line 1009, in flush
    self.stream.flush()
RuntimeError: reentrant call inside <_io.BufferedWriter name='/opt/***/logs/dag_id=etl_solar/run_id=scheduled__2022-11-24T00:00:00+00:00/task_id=checkfiles.check_energy_file_1/attempt=1.log'>

During handling of the above exception, another exception occurred:

Traceback (most recent call last):
  File "/usr/local/lib/python3.7/logging/__init__.py", line 1029, in emit
    self.flush()
  File "/usr/local/lib/python3.7/logging/__init__.py", line 1009, in flush
    self.stream.flush()
RuntimeError: reentrant call inside <_io.BufferedWriter name='/opt/***/logs/dag_id=etl_solar/run_id=scheduled__2022-11-24T00:00:00+00:00/task_id=checkfiles.check_energy_file_1/attempt=1.log'>

During handling of the above exception, another exception occurred:

Traceback (most recent call last):
  File "/usr/local/lib/python3.7/logging/__init__.py", line 1029, in emit
    self.flush()
  File "/usr/local/lib/python3.7/logging/__init__.py", line 1009, in flush
    self.stream.flush()
RuntimeError: reentrant call inside <_io.BufferedWriter name='/opt/***/logs/dag_id=etl_solar/run_id=scheduled__2022-11-24T00:00:00+00:00/task_id=checkfiles.check_energy_file_1/attempt=1.log'>

During handling of the above exception, another exception occurred:

Traceback (most recent call last):
  File "/usr/local/lib/python3.7/logging/__init__.py", line 1029, in emit
    self.flush()
  File "/usr/local/lib/python3.7/logging/__init__.py", line 1009, in flush
    self.stream.flush()
RuntimeError: reentrant call inside <_io.BufferedWriter name='/opt/***/logs/dag_id=etl_solar/run_id=scheduled__2022-11-24T00:00:00+00:00/task_id=checkfiles.check_energy_file_1/attempt=1.log'>

During handling of the above exception, another exception occurred:

Traceback (most recent call last):
  File "/usr/local/lib/python3.7/logging/__init__.py", line 1029, in emit
    self.flush()
  File "/usr/local/lib/python3.7/logging/__init__.py", line 1009, in flush
    self.stream.flush()
RuntimeError: reentrant call inside <_io.BufferedWriter name='/opt/***/logs/dag_id=etl_solar/run_id=scheduled__2022-11-24T00:00:00+00:00/task_id=checkfiles.check_energy_file_1/attempt=1.log'>

During handling of the above exception, another exception occurred:

Traceback (most recent call last):
  File "/usr/local/lib/python3.7/logging/__init__.py", line 1029, in emit
    self.flush()
  File "/usr/local/lib/python3.7/logging/__init__.py", line 1009, in flush
    self.stream.flush()
RuntimeError: reentrant call inside <_io.BufferedWriter name='/opt/***/logs/dag_id=etl_solar/run_id=scheduled__2022-11-24T00:00:00+00:00/task_id=checkfiles.check_energy_file_1/attempt=1.log'>

During handling of the above exception, another exception occurred:

Traceback (most recent call last):
  File "/usr/local/lib/python3.7/logging/__init__.py", line 1029, in emit
    self.flush()
  File "/usr/local/lib/python3.7/logging/__init__.py", line 1009, in flush
    self.stream.flush()
RuntimeError: reentrant call inside <_io.BufferedWriter name='/opt/***/logs/dag_id=etl_solar/run_id=scheduled__2022-11-24T00:00:00+00:00/task_id=checkfiles.check_energy_file_1/attempt=1.log'>

During handling of the above exception, another exception occurred:

Traceback (most recent call last):
  File "/usr/local/lib/python3.7/logging/__init__.py", line 1029, in emit
    self.flush()
  File "/usr/local/lib/python3.7/logging/__init__.py", line 1009, in flush
    self.stream.flush()
RuntimeError: reentrant call inside <_io.BufferedWriter name='/opt/***/logs/dag_id=etl_solar/run_id=scheduled__2022-11-24T00:00:00+00:00/task_id=checkfiles.check_energy_file_1/attempt=1.log'>

During handling of the above exception, another exception occurred:

Traceback (most recent call last):
  File "/usr/local/lib/python3.7/logging/__init__.py", line 1029, in emit
    self.flush()
  File "/usr/local/lib/python3.7/logging/__init__.py", line 1009, in flush
    self.stream.flush()
RuntimeError: reentrant call inside <_io.BufferedWriter name='/opt/***/logs/dag_id=etl_solar/run_id=scheduled__2022-11-24T00:00:00+00:00/task_id=checkfiles.check_energy_file_1/attempt=1.log'>

During handling of the above exception, another exception occurred:

Traceback (most recent call last):
  File "/usr/local/lib/python3.7/logging/__init__.py", line 1029, in emit
    self.flush()
  File "/usr/local/lib/python3.7/logging/__init__.py", line 1009, in flush
    self.stream.flush()
RuntimeError: reentrant call inside <_io.BufferedWriter name='/opt/***/logs/dag_id=etl_solar/run_id=scheduled__2022-11-24T00:00:00+00:00/task_id=checkfiles.check_energy_file_1/attempt=1.log'>

During handling of the above exception, another exception occurred:

Traceback (most recent call last):
  File "/usr/local/lib/python3.7/logging/__init__.py", line 1029, in emit
    self.flush()
  File "/usr/local/lib/python3.7/logging/__init__.py", line 1009, in flush
    self.stream.flush()
RuntimeError: reentrant call inside <_io.BufferedWriter name='/opt/***/logs/dag_id=etl_solar/run_id=scheduled__2022-11-24T00:00:00+00:00/task_id=checkfiles.check_energy_file_1/attempt=1.log'>

During handling of the above exception, another exception occurred:

Traceback (most recent call last):
  File "/usr/local/lib/python3.7/logging/__init__.py", line 1029, in emit
    self.flush()
  File "/usr/local/lib/python3.7/logging/__init__.py", line 1009, in flush
    self.stream.flush()
RuntimeError: reentrant call inside <_io.BufferedWriter name='/opt/***/logs/dag_id=etl_solar/run_id=scheduled__2022-11-24T00:00:00+00:00/task_id=checkfiles.check_energy_file_1/attempt=1.log'>

During handling of the above exception, another exception occurred:

Traceback (most recent call last):
  File "/usr/local/lib/python3.7/logging/__init__.py", line 1029, in emit
    self.flush()
  File "/usr/local/lib/python3.7/logging/__init__.py", line 1009, in flush
    self.stream.flush()
RuntimeError: reentrant call inside <_io.BufferedWriter name='/opt/***/logs/dag_id=etl_solar/run_id=scheduled__2022-11-24T00:00:00+00:00/task_id=checkfiles.check_energy_file_1/attempt=1.log'>

During handling of the above exception, another exception occurred:

Traceback (most recent call last):
  File "/usr/local/lib/python3.7/logging/__init__.py", line 1029, in emit
    self.flush()
  File "/usr/local/lib/python3.7/logging/__init__.py", line 1009, in flush
    self.stream.flush()
RuntimeError: reentrant call inside <_io.BufferedWriter name='/opt/***/logs/dag_id=etl_solar/run_id=scheduled__2022-11-24T00:00:00+00:00/task_id=checkfiles.check_energy_file_1/attempt=1.log'>

During handling of the above exception, another exception occurred:

Traceback (most recent call last):
  File "/usr/local/lib/python3.7/logging/__init__.py", line 1029, in emit
    self.flush()
  File "/usr/local/lib/python3.7/logging/__init__.py", line 1009, in flush
    self.stream.flush()
RuntimeError: reentrant call inside <_io.BufferedWriter name='/opt/***/logs/dag_id=etl_solar/run_id=scheduled__2022-11-24T00:00:00+00:00/task_id=checkfiles.check_energy_file_1/attempt=1.log'>

During handling of the above exception, another exception occurred:

Traceback (most recent call last):
  File "/usr/local/lib/python3.7/logging/__init__.py", line 1029, in emit
    self.flush()
  File "/usr/local/lib/python3.7/logging/__init__.py", line 1009, in flush
    self.stream.flush()
RuntimeError: reentrant call inside <_io.BufferedWriter name='/opt/***/logs/dag_id=etl_solar/run_id=scheduled__2022-11-24T00:00:00+00:00/task_id=checkfiles.check_energy_file_1/attempt=1.log'>

During handling of the above exception, another exception occurred:

Traceback (most recent call last):
  File "/usr/local/lib/python3.7/logging/__init__.py", line 1029, in emit
    self.flush()
  File "/usr/local/lib/python3.7/logging/__init__.py", line 1009, in flush
    self.stream.flush()
RuntimeError: reentrant call inside <_io.BufferedWriter name='/opt/***/logs/dag_id=etl_solar/run_id=scheduled__2022-11-24T00:00:00+00:00/task_id=checkfiles.check_energy_file_1/attempt=1.log'>

During handling of the above exception, another exception occurred:

Traceback (most recent call last):
  File "/usr/local/lib/python3.7/logging/__init__.py", line 1029, in emit
    self.flush()
  File "/usr/local/lib/python3.7/logging/__init__.py", line 1009, in flush
    self.stream.flush()
RuntimeError: reentrant call inside <_io.BufferedWriter name='/opt/***/logs/dag_id=etl_solar/run_id=scheduled__2022-11-24T00:00:00+00:00/task_id=checkfiles.check_energy_file_1/attempt=1.log'>

During handling of the above exception, another exception occurred:

Traceback (most recent call last):
  File "/usr/local/lib/python3.7/logging/__init__.py", line 1029, in emit
    self.flush()
  File "/usr/local/lib/python3.7/logging/__init__.py", line 1009, in flush
    self.stream.flush()
RuntimeError: reentrant call inside <_io.BufferedWriter name='/opt/***/logs/dag_id=etl_solar/run_id=scheduled__2022-11-24T00:00:00+00:00/task_id=checkfiles.check_energy_file_1/attempt=1.log'>

During handling of the above exception, another exception occurred:

Traceback (most recent call last):
  File "/usr/local/lib/python3.7/logging/__init__.py", line 1029, in emit
    self.flush()
  File "/usr/local/lib/python3.7/logging/__init__.py", line 1009, in flush
    self.stream.flush()
RuntimeError: reentrant call inside <_io.BufferedWriter name='/opt/***/logs/dag_id=etl_solar/run_id=scheduled__2022-11-24T00:00:00+00:00/task_id=checkfiles.check_energy_file_1/attempt=1.log'>

During handling of the above exception, another exception occurred:

Traceback (most recent call last):
  File "/usr/local/lib/python3.7/logging/__init__.py", line 1029, in emit
    self.flush()
  File "/usr/local/lib/python3.7/logging/__init__.py", line 1009, in flush
    self.stream.flush()
RuntimeError: reentrant call inside <_io.BufferedWriter name='/opt/***/logs/dag_id=etl_solar/run_id=scheduled__2022-11-24T00:00:00+00:00/task_id=checkfiles.check_energy_file_1/attempt=1.log'>

During handling of the above exception, another exception occurred:

Traceback (most recent call last):
  File "/usr/local/lib/python3.7/logging/__init__.py", line 1029, in emit
    self.flush()
  File "/usr/local/lib/python3.7/logging/__init__.py", line 1009, in flush
    self.stream.flush()
RuntimeError: reentrant call inside <_io.BufferedWriter name='/opt/***/logs/dag_id=etl_solar/run_id=scheduled__2022-11-24T00:00:00+00:00/task_id=checkfiles.check_energy_file_1/attempt=1.log'>

During handling of the above exception, another exception occurred:

Traceback (most recent call last):
  File "/usr/local/lib/python3.7/logging/__init__.py", line 1029, in emit
    self.flush()
  File "/usr/local/lib/python3.7/logging/__init__.py", line 1009, in flush
    self.stream.flush()
RuntimeError: reentrant call inside <_io.BufferedWriter name='/opt/***/logs/dag_id=etl_solar/run_id=scheduled__2022-11-24T00:00:00+00:00/task_id=checkfiles.check_energy_file_1/attempt=1.log'>

During handling of the above exception, another exception occurred:

Traceback (most recent call last):
  File "/usr/local/lib/python3.7/logging/__init__.py", line 1029, in emit
    self.flush()
  File "/usr/local/lib/python3.7/logging/__init__.py", line 1009, in flush
    self.stream.flush()
RuntimeError: reentrant call inside <_io.BufferedWriter name='/opt/***/logs/dag_id=etl_solar/run_id=scheduled__2022-11-24T00:00:00+00:00/task_id=checkfiles.check_energy_file_1/attempt=1.log'>

During handling of the above exception, another exception occurred:

Traceback (most recent call last):
  File "/usr/local/lib/python3.7/logging/__init__.py", line 1029, in emit
    self.flush()
  File "/usr/local/lib/python3.7/logging/__init__.py", line 1009, in flush
    self.stream.flush()
RuntimeError: reentrant call inside <_io.BufferedWriter name='/opt/***/logs/dag_id=etl_solar/run_id=scheduled__2022-11-24T00:00:00+00:00/task_id=checkfiles.check_energy_file_1/attempt=1.log'>

During handling of the above exception, another exception occurred:

Traceback (most recent call last):
  File "/usr/local/lib/python3.7/logging/__init__.py", line 1029, in emit
    self.flush()
  File "/usr/local/lib/python3.7/logging/__init__.py", line 1009, in flush
    self.stream.flush()
RuntimeError: reentrant call inside <_io.BufferedWriter name='/opt/***/logs/dag_id=etl_solar/run_id=scheduled__2022-11-24T00:00:00+00:00/task_id=checkfiles.check_energy_file_1/attempt=1.log'>

During handling of the above exception, another exception occurred:

Traceback (most recent call last):
  File "/usr/local/lib/python3.7/logging/__init__.py", line 1029, in emit
    self.flush()
  File "/usr/local/lib/python3.7/logging/__init__.py", line 1009, in flush
    self.stream.flush()
RuntimeError: reentrant call inside <_io.BufferedWriter name='/opt/***/logs/dag_id=etl_solar/run_id=scheduled__2022-11-24T00:00:00+00:00/task_id=checkfiles.check_energy_file_1/attempt=1.log'>

During handling of the above exception, another exception occurred:

Traceback (most recent call last):
  File "/usr/local/lib/python3.7/logging/__init__.py", line 1029, in emit
    self.flush()
  File "/usr/local/lib/python3.7/logging/__init__.py", line 1009, in flush
    self.stream.flush()
RuntimeError: reentrant call inside <_io.BufferedWriter name='/opt/***/logs/dag_id=etl_solar/run_id=scheduled__2022-11-24T00:00:00+00:00/task_id=checkfiles.check_energy_file_1/attempt=1.log'>

During handling of the above exception, another exception occurred:

Traceback (most recent call last):
  File "/usr/local/lib/python3.7/logging/__init__.py", line 1029, in emit
    self.flush()
  File "/usr/local/lib/python3.7/logging/__init__.py", line 1009, in flush
    self.stream.flush()
RuntimeError: reentrant call inside <_io.BufferedWriter name='/opt/***/logs/dag_id=etl_solar/run_id=scheduled__2022-11-24T00:00:00+00:00/task_id=checkfiles.check_energy_file_1/attempt=1.log'>

During handling of the above exception, another exception occurred:

Traceback (most recent call last):
  File "/usr/local/lib/python3.7/logging/__init__.py", line 1029, in emit
    self.flush()
  File "/usr/local/lib/python3.7/logging/__init__.py", line 1009, in flush
    self.stream.flush()
RuntimeError: reentrant call inside <_io.BufferedWriter name='/opt/***/logs/dag_id=etl_solar/run_id=scheduled__2022-11-24T00:00:00+00:00/task_id=checkfiles.check_energy_file_1/attempt=1.log'>

During handling of the above exception, another exception occurred:

Traceback (most recent call last):
  File "/usr/local/lib/python3.7/logging/__init__.py", line 1029, in emit
    self.flush()
  File "/usr/local/lib/python3.7/logging/__init__.py", line 1009, in flush
    self.stream.flush()
RuntimeError: reentrant call inside <_io.BufferedWriter name='/opt/***/logs/dag_id=etl_solar/run_id=scheduled__2022-11-24T00:00:00+00:00/task_id=checkfiles.check_energy_file_1/attempt=1.log'>

During handling of the above exception, another exception occurred:

Traceback (most recent call last):
  File "/usr/local/lib/python3.7/logging/__init__.py", line 1029, in emit
    self.flush()
  File "/usr/local/lib/python3.7/logging/__init__.py", line 1009, in flush
    self.stream.flush()
RuntimeError: reentrant call inside <_io.BufferedWriter name='/opt/***/logs/dag_id=etl_solar/run_id=scheduled__2022-11-24T00:00:00+00:00/task_id=checkfiles.check_energy_file_1/attempt=1.log'>

During handling of the above exception, another exception occurred:

Traceback (most recent call last):
  File "/usr/local/lib/python3.7/logging/__init__.py", line 1029, in emit
    self.flush()
  File "/usr/local/lib/python3.7/logging/__init__.py", line 1009, in flush
    self.stream.flush()
RuntimeError: reentrant call inside <_io.BufferedWriter name='/opt/***/logs/dag_id=etl_solar/run_id=scheduled__2022-11-24T00:00:00+00:00/task_id=checkfiles.check_energy_file_1/attempt=1.log'>

During handling of the above exception, another exception occurred:

Traceback (most recent call last):
  File "/usr/local/lib/python3.7/logging/__init__.py", line 1029, in emit
    self.flush()
  File "/usr/local/lib/python3.7/logging/__init__.py", line 1009, in flush
    self.stream.flush()
RuntimeError: reentrant call inside <_io.BufferedWriter name='/opt/***/logs/dag_id=etl_solar/run_id=scheduled__2022-11-24T00:00:00+00:00/task_id=checkfiles.check_energy_file_1/attempt=1.log'>

During handling of the above exception, another exception occurred:

Traceback (most recent call last):
  File "/usr/local/lib/python3.7/logging/__init__.py", line 1029, in emit
    self.flush()
  File "/usr/local/lib/python3.7/logging/__init__.py", line 1009, in flush
    self.stream.flush()
RuntimeError: reentrant call inside <_io.BufferedWriter name='/opt/***/logs/dag_id=etl_solar/run_id=scheduled__2022-11-24T00:00:00+00:00/task_id=checkfiles.check_energy_file_1/attempt=1.log'>

During handling of the above exception, another exception occurred:

Traceback (most recent call last):
  File "/usr/local/lib/python3.7/logging/__init__.py", line 1029, in emit
    self.flush()
  File "/usr/local/lib/python3.7/logging/__init__.py", line 1009, in flush
    self.stream.flush()
RuntimeError: reentrant call inside <_io.BufferedWriter name='/opt/***/logs/dag_id=etl_solar/run_id=scheduled__2022-11-24T00:00:00+00:00/task_id=checkfiles.check_energy_file_1/attempt=1.log'>

During handling of the above exception, another exception occurred:

Traceback (most recent call last):
  File "/usr/local/lib/python3.7/logging/__init__.py", line 1029, in emit
    self.flush()
  File "/usr/local/lib/python3.7/logging/__init__.py", line 1009, in flush
    self.stream.flush()
RuntimeError: reentrant call inside <_io.BufferedWriter name='/opt/***/logs/dag_id=etl_solar/run_id=scheduled__2022-11-24T00:00:00+00:00/task_id=checkfiles.check_energy_file_1/attempt=1.log'>

During handling of the above exception, another exception occurred:

Traceback (most recent call last):
  File "/usr/local/lib/python3.7/logging/__init__.py", line 1029, in emit
    self.flush()
  File "/usr/local/lib/python3.7/logging/__init__.py", line 1009, in flush
    self.stream.flush()
RuntimeError: reentrant call inside <_io.BufferedWriter name='/opt/***/logs/dag_id=etl_solar/run_id=scheduled__2022-11-24T00:00:00+00:00/task_id=checkfiles.check_energy_file_1/attempt=1.log'>

During handling of the above exception, another exception occurred:

Traceback (most recent call last):
  File "/usr/local/lib/python3.7/logging/__init__.py", line 1029, in emit
    self.flush()
  File "/usr/local/lib/python3.7/logging/__init__.py", line 1009, in flush
    self.stream.flush()
RuntimeError: reentrant call inside <_io.BufferedWriter name='/opt/***/logs/dag_id=etl_solar/run_id=scheduled__2022-11-24T00:00:00+00:00/task_id=checkfiles.check_energy_file_1/attempt=1.log'>

During handling of the above exception, another exception occurred:

Traceback (most recent call last):
  File "/usr/local/lib/python3.7/logging/__init__.py", line 1029, in emit
    self.flush()
  File "/usr/local/lib/python3.7/logging/__init__.py", line 1009, in flush
    self.stream.flush()
RuntimeError: reentrant call inside <_io.BufferedWriter name='/opt/***/logs/dag_id=etl_solar/run_id=scheduled__2022-11-24T00:00:00+00:00/task_id=checkfiles.check_energy_file_1/attempt=1.log'>

During handling of the above exception, another exception occurred:

Traceback (most recent call last):
  File "/usr/local/lib/python3.7/logging/__init__.py", line 1029, in emit
    self.flush()
  File "/usr/local/lib/python3.7/logging/__init__.py", line 1009, in flush
    self.stream.flush()
RuntimeError: reentrant call inside <_io.BufferedWriter name='/opt/***/logs/dag_id=etl_solar/run_id=scheduled__2022-11-24T00:00:00+00:00/task_id=checkfiles.check_energy_file_1/attempt=1.log'>

During handling of the above exception, another exception occurred:

Traceback (most recent call last):
  File "/usr/local/lib/python3.7/logging/__init__.py", line 1029, in emit
    self.flush()
  File "/usr/local/lib/python3.7/logging/__init__.py", line 1009, in flush
    self.stream.flush()
RuntimeError: reentrant call inside <_io.BufferedWriter name='/opt/***/logs/dag_id=etl_solar/run_id=scheduled__2022-11-24T00:00:00+00:00/task_id=checkfiles.check_energy_file_1/attempt=1.log'>

During handling of the above exception, another exception occurred:

Traceback (most recent call last):
  File "/usr/local/lib/python3.7/logging/__init__.py", line 1029, in emit
    self.flush()
  File "/usr/local/lib/python3.7/logging/__init__.py", line 1009, in flush
    self.stream.flush()
RuntimeError: reentrant call inside <_io.BufferedWriter name='/opt/***/logs/dag_id=etl_solar/run_id=scheduled__2022-11-24T00:00:00+00:00/task_id=checkfiles.check_energy_file_1/attempt=1.log'>

During handling of the above exception, another exception occurred:

Traceback (most recent call last):
  File "/usr/local/lib/python3.7/logging/__init__.py", line 1029, in emit
    self.flush()
  File "/usr/local/lib/python3.7/logging/__init__.py", line 1009, in flush
    self.stream.flush()
RuntimeError: reentrant call inside <_io.BufferedWriter name='/opt/***/logs/dag_id=etl_solar/run_id=scheduled__2022-11-24T00:00:00+00:00/task_id=checkfiles.check_energy_file_1/attempt=1.log'>

During handling of the above exception, another exception occurred:

Traceback (most recent call last):
  File "/usr/local/lib/python3.7/logging/__init__.py", line 1029, in emit
    self.flush()
  File "/usr/local/lib/python3.7/logging/__init__.py", line 1009, in flush
    self.stream.flush()
RuntimeError: reentrant call inside <_io.BufferedWriter name='/opt/***/logs/dag_id=etl_solar/run_id=scheduled__2022-11-24T00:00:00+00:00/task_id=checkfiles.check_energy_file_1/attempt=1.log'>

During handling of the above exception, another exception occurred:

Traceback (most recent call last):
  File "/usr/local/lib/python3.7/logging/__init__.py", line 1029, in emit
    self.flush()
  File "/usr/local/lib/python3.7/logging/__init__.py", line 1009, in flush
    self.stream.flush()
RuntimeError: reentrant call inside <_io.BufferedWriter name='/opt/***/logs/dag_id=etl_solar/run_id=scheduled__2022-11-24T00:00:00+00:00/task_id=checkfiles.check_energy_file_1/attempt=1.log'>

During handling of the above exception, another exception occurred:

Traceback (most recent call last):
  File "/usr/local/lib/python3.7/logging/__init__.py", line 1029, in emit
    self.flush()
  File "/usr/local/lib/python3.7/logging/__init__.py", line 1009, in flush
    self.stream.flush()
RuntimeError: reentrant call inside <_io.BufferedWriter name='/opt/***/logs/dag_id=etl_solar/run_id=scheduled__2022-11-24T00:00:00+00:00/task_id=checkfiles.check_energy_file_1/attempt=1.log'>

During handling of the above exception, another exception occurred:

Traceback (most recent call last):
  File "/usr/local/lib/python3.7/logging/__init__.py", line 1029, in emit
    self.flush()
  File "/usr/local/lib/python3.7/logging/__init__.py", line 1009, in flush
    self.stream.flush()
RuntimeError: reentrant call inside <_io.BufferedWriter name='/opt/***/logs/dag_id=etl_solar/run_id=scheduled__2022-11-24T00:00:00+00:00/task_id=checkfiles.check_energy_file_1/attempt=1.log'>

During handling of the above exception, another exception occurred:

Traceback (most recent call last):
  File "/usr/local/lib/python3.7/logging/__init__.py", line 1029, in emit
    self.flush()
  File "/usr/local/lib/python3.7/logging/__init__.py", line 1009, in flush
    self.stream.flush()
RuntimeError: reentrant call inside <_io.BufferedWriter name='/opt/***/logs/dag_id=etl_solar/run_id=scheduled__2022-11-24T00:00:00+00:00/task_id=checkfiles.check_energy_file_1/attempt=1.log'>

During handling of the above exception, another exception occurred:

Traceback (most recent call last):
  File "/usr/local/lib/python3.7/logging/__init__.py", line 1029, in emit
    self.flush()
  File "/usr/local/lib/python3.7/logging/__init__.py", line 1009, in flush
    self.stream.flush()
RuntimeError: reentrant call inside <_io.BufferedWriter name='/opt/***/logs/dag_id=etl_solar/run_id=scheduled__2022-11-24T00:00:00+00:00/task_id=checkfiles.check_energy_file_1/attempt=1.log'>

During handling of the above exception, another exception occurred:

Traceback (most recent call last):
  File "/home/airflow/.local/lib/python3.7/site-packages/airflow/models/taskinstance.py", line 1451, in _run_raw_task
    self._execute_task_with_callbacks(context, test_mode)
  File "/home/airflow/.local/lib/python3.7/site-packages/airflow/models/taskinstance.py", line 1571, in _execute_task_with_callbacks
    '\n'.join(f"{k}={v}" for k, v in airflow_context_vars.items()),
  File "/usr/local/lib/python3.7/logging/__init__.py", line 1378, in info
    self._log(INFO, msg, args, **kwargs)
  File "/usr/local/lib/python3.7/logging/__init__.py", line 1514, in _log
    self.handle(record)
  File "/usr/local/lib/python3.7/logging/__init__.py", line 1524, in handle
    self.callHandlers(record)
  File "/usr/local/lib/python3.7/logging/__init__.py", line 1586, in callHandlers
    hdlr.handle(record)
  File "/usr/local/lib/python3.7/logging/__init__.py", line 894, in handle
    self.emit(record)
  File "/home/airflow/.local/lib/python3.7/site-packages/airflow/utils/log/file_task_handler.py", line 67, in emit
    self.handler.emit(record)
  File "/usr/local/lib/python3.7/logging/__init__.py", line 1127, in emit
    StreamHandler.emit(self, record)
  File "/usr/local/lib/python3.7/logging/__init__.py", line 1029, in emit
    self.flush()
  File "/usr/local/lib/python3.7/logging/__init__.py", line 1009, in flush
    self.stream.flush()
  File "/home/airflow/.local/lib/python3.7/site-packages/airflow/models/taskinstance.py", line 1541, in signal_handler
    self.log.error("Received SIGTERM. Terminating subprocesses.")
  File "/usr/local/lib/python3.7/logging/__init__.py", line 1407, in error
    self._log(ERROR, msg, args, **kwargs)
  File "/usr/local/lib/python3.7/logging/__init__.py", line 1514, in _log
    self.handle(record)
  File "/usr/local/lib/python3.7/logging/__init__.py", line 1524, in handle
    self.callHandlers(record)
  File "/usr/local/lib/python3.7/logging/__init__.py", line 1586, in callHandlers
    hdlr.handle(record)
  File "/usr/local/lib/python3.7/logging/__init__.py", line 894, in handle
    self.emit(record)
  File "/home/airflow/.local/lib/python3.7/site-packages/airflow/utils/log/file_task_handler.py", line 67, in emit
    self.handler.emit(record)
  File "/usr/local/lib/python3.7/logging/__init__.py", line 1127, in emit
    StreamHandler.emit(self, record)
  File "/usr/local/lib/python3.7/logging/__init__.py", line 1033, in emit
    self.handleError(record)
  File "/usr/local/lib/python3.7/logging/__init__.py", line 946, in handleError
    sys.stderr.write('--- Logging error ---\n')
  File "/home/airflow/.local/lib/python3.7/site-packages/airflow/utils/log/logging_mixin.py", line 127, in write
    self.flush()
  File "/home/airflow/.local/lib/python3.7/site-packages/airflow/utils/log/logging_mixin.py", line 134, in flush
    self._propagate_log(buf)
  File "/home/airflow/.local/lib/python3.7/site-packages/airflow/utils/log/logging_mixin.py", line 115, in _propagate_log
    self.logger.log(self.level, remove_escape_codes(message))
  File "/usr/local/lib/python3.7/logging/__init__.py", line 1444, in log
    self._log(level, msg, args, **kwargs)
  File "/usr/local/lib/python3.7/logging/__init__.py", line 1514, in _log
    self.handle(record)
  File "/usr/local/lib/python3.7/logging/__init__.py", line 1524, in handle
    self.callHandlers(record)
  File "/usr/local/lib/python3.7/logging/__init__.py", line 1586, in callHandlers
    hdlr.handle(record)
  File "/usr/local/lib/python3.7/logging/__init__.py", line 894, in handle
    self.emit(record)
  File "/home/airflow/.local/lib/python3.7/site-packages/airflow/utils/log/file_task_handler.py", line 67, in emit
    self.handler.emit(record)
  File "/usr/local/lib/python3.7/logging/__init__.py", line 1127, in emit
    StreamHandler.emit(self, record)
  File "/usr/local/lib/python3.7/logging/__init__.py", line 1033, in emit
    self.handleError(record)
  File "/usr/local/lib/python3.7/logging/__init__.py", line 946, in handleError
    sys.stderr.write('--- Logging error ---\n')
  File "/home/airflow/.local/lib/python3.7/site-packages/airflow/utils/log/logging_mixin.py", line 127, in write
    self.flush()
  File "/home/airflow/.local/lib/python3.7/site-packages/airflow/utils/log/logging_mixin.py", line 134, in flush
    self._propagate_log(buf)
  File "/home/airflow/.local/lib/python3.7/site-packages/airflow/utils/log/logging_mixin.py", line 115, in _propagate_log
    self.logger.log(self.level, remove_escape_codes(message))
  File "/usr/local/lib/python3.7/logging/__init__.py", line 1444, in log
    self._log(level, msg, args, **kwargs)
  File "/usr/local/lib/python3.7/logging/__init__.py", line 1514, in _log
    self.handle(record)
  File "/usr/local/lib/python3.7/logging/__init__.py", line 1524, in handle
    self.callHandlers(record)
  File "/usr/local/lib/python3.7/logging/__init__.py", line 1586, in callHandlers
    hdlr.handle(record)
  File "/usr/local/lib/python3.7/logging/__init__.py", line 894, in handle
    self.emit(record)
  File "/home/airflow/.local/lib/python3.7/site-packages/airflow/utils/log/file_task_handler.py", line 67, in emit
    self.handler.emit(record)
  File "/usr/local/lib/python3.7/logging/__init__.py", line 1127, in emit
    StreamHandler.emit(self, record)
  File "/usr/local/lib/python3.7/logging/__init__.py", line 1033, in emit
    self.handleError(record)
  File "/usr/local/lib/python3.7/logging/__init__.py", line 946, in handleError
    sys.stderr.write('--- Logging error ---\n')
  File "/home/airflow/.local/lib/python3.7/site-packages/airflow/utils/log/logging_mixin.py", line 127, in write
    self.flush()
  File "/home/airflow/.local/lib/python3.7/site-packages/airflow/utils/log/logging_mixin.py", line 134, in flush
    self._propagate_log(buf)
  File "/home/airflow/.local/lib/python3.7/site-packages/airflow/utils/log/logging_mixin.py", line 115, in _propagate_log
    self.logger.log(self.level, remove_escape_codes(message))
  File "/usr/local/lib/python3.7/logging/__init__.py", line 1444, in log
    self._log(level, msg, args, **kwargs)
  File "/usr/local/lib/python3.7/logging/__init__.py", line 1514, in _log
    self.handle(record)
  File "/usr/local/lib/python3.7/logging/__init__.py", line 1524, in handle
    self.callHandlers(record)
  File "/usr/local/lib/python3.7/logging/__init__.py", line 1586, in callHandlers
    hdlr.handle(record)
  File "/usr/local/lib/python3.7/logging/__init__.py", line 894, in handle
    self.emit(record)
  File "/home/airflow/.local/lib/python3.7/site-packages/airflow/utils/log/file_task_handler.py", line 67, in emit
    self.handler.emit(record)
  File "/usr/local/lib/python3.7/logging/__init__.py", line 1127, in emit
    StreamHandler.emit(self, record)
  File "/usr/local/lib/python3.7/logging/__init__.py", line 1033, in emit
    self.handleError(record)
  File "/usr/local/lib/python3.7/logging/__init__.py", line 946, in handleError
    sys.stderr.write('--- Logging error ---\n')
  File "/home/airflow/.local/lib/python3.7/site-packages/airflow/utils/log/logging_mixin.py", line 127, in write
    self.flush()
  File "/home/airflow/.local/lib/python3.7/site-packages/airflow/utils/log/logging_mixin.py", line 134, in flush
    self._propagate_log(buf)
  File "/home/airflow/.local/lib/python3.7/site-packages/airflow/utils/log/logging_mixin.py", line 115, in _propagate_log
    self.logger.log(self.level, remove_escape_codes(message))
  File "/usr/local/lib/python3.7/logging/__init__.py", line 1444, in log
    self._log(level, msg, args, **kwargs)
  File "/usr/local/lib/python3.7/logging/__init__.py", line 1514, in _log
    self.handle(record)
  File "/usr/local/lib/python3.7/logging/__init__.py", line 1524, in handle
    self.callHandlers(record)
  File "/usr/local/lib/python3.7/logging/__init__.py", line 1586, in callHandlers
    hdlr.handle(record)
  File "/usr/local/lib/python3.7/logging/__init__.py", line 894, in handle
    self.emit(record)
  File "/home/airflow/.local/lib/python3.7/site-packages/airflow/utils/log/file_task_handler.py", line 67, in emit
    self.handler.emit(record)
  File "/usr/local/lib/python3.7/logging/__init__.py", line 1127, in emit
    StreamHandler.emit(self, record)
  File "/usr/local/lib/python3.7/logging/__init__.py", line 1033, in emit
    self.handleError(record)
  File "/usr/local/lib/python3.7/logging/__init__.py", line 946, in handleError
    sys.stderr.write('--- Logging error ---\n')
  File "/home/airflow/.local/lib/python3.7/site-packages/airflow/utils/log/logging_mixin.py", line 127, in write
    self.flush()
  File "/home/airflow/.local/lib/python3.7/site-packages/airflow/utils/log/logging_mixin.py", line 134, in flush
    self._propagate_log(buf)
  File "/home/airflow/.local/lib/python3.7/site-packages/airflow/utils/log/logging_mixin.py", line 115, in _propagate_log
    self.logger.log(self.level, remove_escape_codes(message))
  File "/usr/local/lib/python3.7/logging/__init__.py", line 1444, in log
    self._log(level, msg, args, **kwargs)
  File "/usr/local/lib/python3.7/logging/__init__.py", line 1514, in _log
    self.handle(record)
  File "/usr/local/lib/python3.7/logging/__init__.py", line 1524, in handle
    self.callHandlers(record)
  File "/usr/local/lib/python3.7/logging/__init__.py", line 1586, in callHandlers
    hdlr.handle(record)
  File "/usr/local/lib/python3.7/logging/__init__.py", line 894, in handle
    self.emit(record)
  File "/home/airflow/.local/lib/python3.7/site-packages/airflow/utils/log/file_task_handler.py", line 67, in emit
    self.handler.emit(record)
  File "/usr/local/lib/python3.7/logging/__init__.py", line 1127, in emit
    StreamHandler.emit(self, record)
  File "/usr/local/lib/python3.7/logging/__init__.py", line 1033, in emit
    self.handleError(record)
  File "/usr/local/lib/python3.7/logging/__init__.py", line 946, in handleError
    sys.stderr.write('--- Logging error ---\n')
  File "/home/airflow/.local/lib/python3.7/site-packages/airflow/utils/log/logging_mixin.py", line 127, in write
    self.flush()
  File "/home/airflow/.local/lib/python3.7/site-packages/airflow/utils/log/logging_mixin.py", line 134, in flush
    self._propagate_log(buf)
  File "/home/airflow/.local/lib/python3.7/site-packages/airflow/utils/log/logging_mixin.py", line 115, in _propagate_log
    self.logger.log(self.level, remove_escape_codes(message))
  File "/usr/local/lib/python3.7/logging/__init__.py", line 1444, in log
    self._log(level, msg, args, **kwargs)
  File "/usr/local/lib/python3.7/logging/__init__.py", line 1514, in _log
    self.handle(record)
  File "/usr/local/lib/python3.7/logging/__init__.py", line 1524, in handle
    self.callHandlers(record)
  File "/usr/local/lib/python3.7/logging/__init__.py", line 1586, in callHandlers
    hdlr.handle(record)
  File "/usr/local/lib/python3.7/logging/__init__.py", line 894, in handle
    self.emit(record)
  File "/home/airflow/.local/lib/python3.7/site-packages/airflow/utils/log/file_task_handler.py", line 67, in emit
    self.handler.emit(record)
  File "/usr/local/lib/python3.7/logging/__init__.py", line 1127, in emit
    StreamHandler.emit(self, record)
  File "/usr/local/lib/python3.7/logging/__init__.py", line 1033, in emit
    self.handleError(record)
  File "/usr/local/lib/python3.7/logging/__init__.py", line 946, in handleError
    sys.stderr.write('--- Logging error ---\n')
  File "/home/airflow/.local/lib/python3.7/site-packages/airflow/utils/log/logging_mixin.py", line 127, in write
    self.flush()
  File "/home/airflow/.local/lib/python3.7/site-packages/airflow/utils/log/logging_mixin.py", line 134, in flush
    self._propagate_log(buf)
  File "/home/airflow/.local/lib/python3.7/site-packages/airflow/utils/log/logging_mixin.py", line 115, in _propagate_log
    self.logger.log(self.level, remove_escape_codes(message))
  File "/usr/local/lib/python3.7/logging/__init__.py", line 1444, in log
    self._log(level, msg, args, **kwargs)
  File "/usr/local/lib/python3.7/logging/__init__.py", line 1514, in _log
    self.handle(record)
  File "/usr/local/lib/python3.7/logging/__init__.py", line 1524, in handle
    self.callHandlers(record)
  File "/usr/local/lib/python3.7/logging/__init__.py", line 1586, in callHandlers
    hdlr.handle(record)
  File "/usr/local/lib/python3.7/logging/__init__.py", line 894, in handle
    self.emit(record)
  File "/home/airflow/.local/lib/python3.7/site-packages/airflow/utils/log/file_task_handler.py", line 67, in emit
    self.handler.emit(record)
  File "/usr/local/lib/python3.7/logging/__init__.py", line 1127, in emit
    StreamHandler.emit(self, record)
  File "/usr/local/lib/python3.7/logging/__init__.py", line 1033, in emit
    self.handleError(record)
  File "/usr/local/lib/python3.7/logging/__init__.py", line 946, in handleError
    sys.stderr.write('--- Logging error ---\n')
  File "/home/airflow/.local/lib/python3.7/site-packages/airflow/utils/log/logging_mixin.py", line 127, in write
    self.flush()
  File "/home/airflow/.local/lib/python3.7/site-packages/airflow/utils/log/logging_mixin.py", line 134, in flush
    self._propagate_log(buf)
  File "/home/airflow/.local/lib/python3.7/site-packages/airflow/utils/log/logging_mixin.py", line 115, in _propagate_log
    self.logger.log(self.level, remove_escape_codes(message))
  File "/usr/local/lib/python3.7/logging/__init__.py", line 1444, in log
    self._log(level, msg, args, **kwargs)
  File "/usr/local/lib/python3.7/logging/__init__.py", line 1514, in _log
    self.handle(record)
  File "/usr/local/lib/python3.7/logging/__init__.py", line 1524, in handle
    self.callHandlers(record)
  File "/usr/local/lib/python3.7/logging/__init__.py", line 1586, in callHandlers
    hdlr.handle(record)
  File "/usr/local/lib/python3.7/logging/__init__.py", line 894, in handle
    self.emit(record)
  File "/home/airflow/.local/lib/python3.7/site-packages/airflow/utils/log/file_task_handler.py", line 67, in emit
    self.handler.emit(record)
  File "/usr/local/lib/python3.7/logging/__init__.py", line 1127, in emit
    StreamHandler.emit(self, record)
  File "/usr/local/lib/python3.7/logging/__init__.py", line 1033, in emit
    self.handleError(record)
  File "/usr/local/lib/python3.7/logging/__init__.py", line 946, in handleError
    sys.stderr.write('--- Logging error ---\n')
  File "/home/airflow/.local/lib/python3.7/site-packages/airflow/utils/log/logging_mixin.py", line 127, in write
    self.flush()
  File "/home/airflow/.local/lib/python3.7/site-packages/airflow/utils/log/logging_mixin.py", line 134, in flush
    self._propagate_log(buf)
  File "/home/airflow/.local/lib/python3.7/site-packages/airflow/utils/log/logging_mixin.py", line 115, in _propagate_log
    self.logger.log(self.level, remove_escape_codes(message))
  File "/usr/local/lib/python3.7/logging/__init__.py", line 1444, in log
    self._log(level, msg, args, **kwargs)
  File "/usr/local/lib/python3.7/logging/__init__.py", line 1514, in _log
    self.handle(record)
  File "/usr/local/lib/python3.7/logging/__init__.py", line 1524, in handle
    self.callHandlers(record)
  File "/usr/local/lib/python3.7/logging/__init__.py", line 1586, in callHandlers
    hdlr.handle(record)
  File "/usr/local/lib/python3.7/logging/__init__.py", line 894, in handle
    self.emit(record)
  File "/home/airflow/.local/lib/python3.7/site-packages/airflow/utils/log/file_task_handler.py", line 67, in emit
    self.handler.emit(record)
  File "/usr/local/lib/python3.7/logging/__init__.py", line 1127, in emit
    StreamHandler.emit(self, record)
  File "/usr/local/lib/python3.7/logging/__init__.py", line 1033, in emit
    self.handleError(record)
  File "/usr/local/lib/python3.7/logging/__init__.py", line 946, in handleError
    sys.stderr.write('--- Logging error ---\n')
  File "/home/airflow/.local/lib/python3.7/site-packages/airflow/utils/log/logging_mixin.py", line 127, in write
    self.flush()
  File "/home/airflow/.local/lib/python3.7/site-packages/airflow/utils/log/logging_mixin.py", line 134, in flush
    self._propagate_log(buf)
  File "/home/airflow/.local/lib/python3.7/site-packages/airflow/utils/log/logging_mixin.py", line 115, in _propagate_log
    self.logger.log(self.level, remove_escape_codes(message))
  File "/usr/local/lib/python3.7/logging/__init__.py", line 1444, in log
    self._log(level, msg, args, **kwargs)
  File "/usr/local/lib/python3.7/logging/__init__.py", line 1514, in _log
    self.handle(record)
  File "/usr/local/lib/python3.7/logging/__init__.py", line 1524, in handle
    self.callHandlers(record)
  File "/usr/local/lib/python3.7/logging/__init__.py", line 1586, in callHandlers
    hdlr.handle(record)
  File "/usr/local/lib/python3.7/logging/__init__.py", line 894, in handle
    self.emit(record)
  File "/home/airflow/.local/lib/python3.7/site-packages/airflow/utils/log/file_task_handler.py", line 67, in emit
    self.handler.emit(record)
  File "/usr/local/lib/python3.7/logging/__init__.py", line 1127, in emit
    StreamHandler.emit(self, record)
  File "/usr/local/lib/python3.7/logging/__init__.py", line 1033, in emit
    self.handleError(record)
  File "/usr/local/lib/python3.7/logging/__init__.py", line 946, in handleError
    sys.stderr.write('--- Logging error ---\n')
  File "/home/airflow/.local/lib/python3.7/site-packages/airflow/utils/log/logging_mixin.py", line 127, in write
    self.flush()
  File "/home/airflow/.local/lib/python3.7/site-packages/airflow/utils/log/logging_mixin.py", line 134, in flush
    self._propagate_log(buf)
  File "/home/airflow/.local/lib/python3.7/site-packages/airflow/utils/log/logging_mixin.py", line 115, in _propagate_log
    self.logger.log(self.level, remove_escape_codes(message))
  File "/usr/local/lib/python3.7/logging/__init__.py", line 1444, in log
    self._log(level, msg, args, **kwargs)
  File "/usr/local/lib/python3.7/logging/__init__.py", line 1514, in _log
    self.handle(record)
  File "/usr/local/lib/python3.7/logging/__init__.py", line 1524, in handle
    self.callHandlers(record)
  File "/usr/local/lib/python3.7/logging/__init__.py", line 1586, in callHandlers
    hdlr.handle(record)
  File "/usr/local/lib/python3.7/logging/__init__.py", line 894, in handle
    self.emit(record)
  File "/home/airflow/.local/lib/python3.7/site-packages/airflow/utils/log/file_task_handler.py", line 67, in emit
    self.handler.emit(record)
  File "/usr/local/lib/python3.7/logging/__init__.py", line 1127, in emit
    StreamHandler.emit(self, record)
  File "/usr/local/lib/python3.7/logging/__init__.py", line 1033, in emit
    self.handleError(record)
  File "/usr/local/lib/python3.7/logging/__init__.py", line 946, in handleError
    sys.stderr.write('--- Logging error ---\n')
  File "/home/airflow/.local/lib/python3.7/site-packages/airflow/utils/log/logging_mixin.py", line 127, in write
    self.flush()
  File "/home/airflow/.local/lib/python3.7/site-packages/airflow/utils/log/logging_mixin.py", line 134, in flush
    self._propagate_log(buf)
  File "/home/airflow/.local/lib/python3.7/site-packages/airflow/utils/log/logging_mixin.py", line 115, in _propagate_log
    self.logger.log(self.level, remove_escape_codes(message))
  File "/usr/local/lib/python3.7/logging/__init__.py", line 1444, in log
    self._log(level, msg, args, **kwargs)
  File "/usr/local/lib/python3.7/logging/__init__.py", line 1514, in _log
    self.handle(record)
  File "/usr/local/lib/python3.7/logging/__init__.py", line 1524, in handle
    self.callHandlers(record)
  File "/usr/local/lib/python3.7/logging/__init__.py", line 1586, in callHandlers
    hdlr.handle(record)
  File "/usr/local/lib/python3.7/logging/__init__.py", line 894, in handle
    self.emit(record)
  File "/home/airflow/.local/lib/python3.7/site-packages/airflow/utils/log/file_task_handler.py", line 67, in emit
    self.handler.emit(record)
  File "/usr/local/lib/python3.7/logging/__init__.py", line 1127, in emit
    StreamHandler.emit(self, record)
  File "/usr/local/lib/python3.7/logging/__init__.py", line 1033, in emit
    self.handleError(record)
  File "/usr/local/lib/python3.7/logging/__init__.py", line 946, in handleError
    sys.stderr.write('--- Logging error ---\n')
  File "/home/airflow/.local/lib/python3.7/site-packages/airflow/utils/log/logging_mixin.py", line 127, in write
    self.flush()
  File "/home/airflow/.local/lib/python3.7/site-packages/airflow/utils/log/logging_mixin.py", line 134, in flush
    self._propagate_log(buf)
  File "/home/airflow/.local/lib/python3.7/site-packages/airflow/utils/log/logging_mixin.py", line 115, in _propagate_log
    self.logger.log(self.level, remove_escape_codes(message))
  File "/usr/local/lib/python3.7/logging/__init__.py", line 1444, in log
    self._log(level, msg, args, **kwargs)
  File "/usr/local/lib/python3.7/logging/__init__.py", line 1514, in _log
    self.handle(record)
  File "/usr/local/lib/python3.7/logging/__init__.py", line 1524, in handle
    self.callHandlers(record)
  File "/usr/local/lib/python3.7/logging/__init__.py", line 1586, in callHandlers
    hdlr.handle(record)
  File "/usr/local/lib/python3.7/logging/__init__.py", line 894, in handle
    self.emit(record)
  File "/home/airflow/.local/lib/python3.7/site-packages/airflow/utils/log/file_task_handler.py", line 67, in emit
    self.handler.emit(record)
  File "/usr/local/lib/python3.7/logging/__init__.py", line 1127, in emit
    StreamHandler.emit(self, record)
  File "/usr/local/lib/python3.7/logging/__init__.py", line 1033, in emit
    self.handleError(record)
  File "/usr/local/lib/python3.7/logging/__init__.py", line 946, in handleError
    sys.stderr.write('--- Logging error ---\n')
  File "/home/airflow/.local/lib/python3.7/site-packages/airflow/utils/log/logging_mixin.py", line 127, in write
    self.flush()
  File "/home/airflow/.local/lib/python3.7/site-packages/airflow/utils/log/logging_mixin.py", line 134, in flush
    self._propagate_log(buf)
  File "/home/airflow/.local/lib/python3.7/site-packages/airflow/utils/log/logging_mixin.py", line 115, in _propagate_log
    self.logger.log(self.level, remove_escape_codes(message))
  File "/usr/local/lib/python3.7/logging/__init__.py", line 1444, in log
    self._log(level, msg, args, **kwargs)
  File "/usr/local/lib/python3.7/logging/__init__.py", line 1514, in _log
    self.handle(record)
  File "/usr/local/lib/python3.7/logging/__init__.py", line 1524, in handle
    self.callHandlers(record)
  File "/usr/local/lib/python3.7/logging/__init__.py", line 1586, in callHandlers
    hdlr.handle(record)
  File "/usr/local/lib/python3.7/logging/__init__.py", line 894, in handle
    self.emit(record)
  File "/home/airflow/.local/lib/python3.7/site-packages/airflow/utils/log/file_task_handler.py", line 67, in emit
    self.handler.emit(record)
  File "/usr/local/lib/python3.7/logging/__init__.py", line 1127, in emit
    StreamHandler.emit(self, record)
  File "/usr/local/lib/python3.7/logging/__init__.py", line 1033, in emit
    self.handleError(record)
  File "/usr/local/lib/python3.7/logging/__init__.py", line 946, in handleError
    sys.stderr.write('--- Logging error ---\n')
  File "/home/airflow/.local/lib/python3.7/site-packages/airflow/utils/log/logging_mixin.py", line 127, in write
    self.flush()
  File "/home/airflow/.local/lib/python3.7/site-packages/airflow/utils/log/logging_mixin.py", line 134, in flush
    self._propagate_log(buf)
  File "/home/airflow/.local/lib/python3.7/site-packages/airflow/utils/log/logging_mixin.py", line 115, in _propagate_log
    self.logger.log(self.level, remove_escape_codes(message))
  File "/usr/local/lib/python3.7/logging/__init__.py", line 1444, in log
    self._log(level, msg, args, **kwargs)
  File "/usr/local/lib/python3.7/logging/__init__.py", line 1514, in _log
    self.handle(record)
  File "/usr/local/lib/python3.7/logging/__init__.py", line 1524, in handle
    self.callHandlers(record)
  File "/usr/local/lib/python3.7/logging/__init__.py", line 1586, in callHandlers
    hdlr.handle(record)
  File "/usr/local/lib/python3.7/logging/__init__.py", line 894, in handle
    self.emit(record)
  File "/home/airflow/.local/lib/python3.7/site-packages/airflow/utils/log/file_task_handler.py", line 67, in emit
    self.handler.emit(record)
  File "/usr/local/lib/python3.7/logging/__init__.py", line 1127, in emit
    StreamHandler.emit(self, record)
  File "/usr/local/lib/python3.7/logging/__init__.py", line 1033, in emit
    self.handleError(record)
  File "/usr/local/lib/python3.7/logging/__init__.py", line 946, in handleError
    sys.stderr.write('--- Logging error ---\n')
  File "/home/airflow/.local/lib/python3.7/site-packages/airflow/utils/log/logging_mixin.py", line 127, in write
    self.flush()
  File "/home/airflow/.local/lib/python3.7/site-packages/airflow/utils/log/logging_mixin.py", line 134, in flush
    self._propagate_log(buf)
  File "/home/airflow/.local/lib/python3.7/site-packages/airflow/utils/log/logging_mixin.py", line 115, in _propagate_log
    self.logger.log(self.level, remove_escape_codes(message))
  File "/usr/local/lib/python3.7/logging/__init__.py", line 1444, in log
    self._log(level, msg, args, **kwargs)
  File "/usr/local/lib/python3.7/logging/__init__.py", line 1514, in _log
    self.handle(record)
  File "/usr/local/lib/python3.7/logging/__init__.py", line 1524, in handle
    self.callHandlers(record)
  File "/usr/local/lib/python3.7/logging/__init__.py", line 1586, in callHandlers
    hdlr.handle(record)
  File "/usr/local/lib/python3.7/logging/__init__.py", line 894, in handle
    self.emit(record)
  File "/home/airflow/.local/lib/python3.7/site-packages/airflow/utils/log/file_task_handler.py", line 67, in emit
    self.handler.emit(record)
  File "/usr/local/lib/python3.7/logging/__init__.py", line 1127, in emit
    StreamHandler.emit(self, record)
  File "/usr/local/lib/python3.7/logging/__init__.py", line 1033, in emit
    self.handleError(record)
  File "/usr/local/lib/python3.7/logging/__init__.py", line 946, in handleError
    sys.stderr.write('--- Logging error ---\n')
  File "/home/airflow/.local/lib/python3.7/site-packages/airflow/utils/log/logging_mixin.py", line 127, in write
    self.flush()
  File "/home/airflow/.local/lib/python3.7/site-packages/airflow/utils/log/logging_mixin.py", line 134, in flush
    self._propagate_log(buf)
  File "/home/airflow/.local/lib/python3.7/site-packages/airflow/utils/log/logging_mixin.py", line 115, in _propagate_log
    self.logger.log(self.level, remove_escape_codes(message))
  File "/usr/local/lib/python3.7/logging/__init__.py", line 1444, in log
    self._log(level, msg, args, **kwargs)
  File "/usr/local/lib/python3.7/logging/__init__.py", line 1514, in _log
    self.handle(record)
  File "/usr/local/lib/python3.7/logging/__init__.py", line 1524, in handle
    self.callHandlers(record)
  File "/usr/local/lib/python3.7/logging/__init__.py", line 1586, in callHandlers
    hdlr.handle(record)
  File "/usr/local/lib/python3.7/logging/__init__.py", line 894, in handle
    self.emit(record)
  File "/home/airflow/.local/lib/python3.7/site-packages/airflow/utils/log/file_task_handler.py", line 67, in emit
    self.handler.emit(record)
  File "/usr/local/lib/python3.7/logging/__init__.py", line 1127, in emit
    StreamHandler.emit(self, record)
  File "/usr/local/lib/python3.7/logging/__init__.py", line 1033, in emit
    self.handleError(record)
  File "/usr/local/lib/python3.7/logging/__init__.py", line 946, in handleError
    sys.stderr.write('--- Logging error ---\n')
  File "/home/airflow/.local/lib/python3.7/site-packages/airflow/utils/log/logging_mixin.py", line 127, in write
    self.flush()
  File "/home/airflow/.local/lib/python3.7/site-packages/airflow/utils/log/logging_mixin.py", line 134, in flush
    self._propagate_log(buf)
  File "/home/airflow/.local/lib/python3.7/site-packages/airflow/utils/log/logging_mixin.py", line 115, in _propagate_log
    self.logger.log(self.level, remove_escape_codes(message))
  File "/usr/local/lib/python3.7/logging/__init__.py", line 1444, in log
    self._log(level, msg, args, **kwargs)
  File "/usr/local/lib/python3.7/logging/__init__.py", line 1514, in _log
    self.handle(record)
  File "/usr/local/lib/python3.7/logging/__init__.py", line 1524, in handle
    self.callHandlers(record)
  File "/usr/local/lib/python3.7/logging/__init__.py", line 1586, in callHandlers
    hdlr.handle(record)
  File "/usr/local/lib/python3.7/logging/__init__.py", line 894, in handle
    self.emit(record)
  File "/home/airflow/.local/lib/python3.7/site-packages/airflow/utils/log/file_task_handler.py", line 67, in emit
    self.handler.emit(record)
  File "/usr/local/lib/python3.7/logging/__init__.py", line 1127, in emit
    StreamHandler.emit(self, record)
  File "/usr/local/lib/python3.7/logging/__init__.py", line 1033, in emit
    self.handleError(record)
  File "/usr/local/lib/python3.7/logging/__init__.py", line 946, in handleError
    sys.stderr.write('--- Logging error ---\n')
  File "/home/airflow/.local/lib/python3.7/site-packages/airflow/utils/log/logging_mixin.py", line 127, in write
    self.flush()
  File "/home/airflow/.local/lib/python3.7/site-packages/airflow/utils/log/logging_mixin.py", line 134, in flush
    self._propagate_log(buf)
  File "/home/airflow/.local/lib/python3.7/site-packages/airflow/utils/log/logging_mixin.py", line 115, in _propagate_log
    self.logger.log(self.level, remove_escape_codes(message))
  File "/usr/local/lib/python3.7/logging/__init__.py", line 1444, in log
    self._log(level, msg, args, **kwargs)
  File "/usr/local/lib/python3.7/logging/__init__.py", line 1514, in _log
    self.handle(record)
  File "/usr/local/lib/python3.7/logging/__init__.py", line 1524, in handle
    self.callHandlers(record)
  File "/usr/local/lib/python3.7/logging/__init__.py", line 1586, in callHandlers
    hdlr.handle(record)
  File "/usr/local/lib/python3.7/logging/__init__.py", line 894, in handle
    self.emit(record)
  File "/home/airflow/.local/lib/python3.7/site-packages/airflow/utils/log/file_task_handler.py", line 67, in emit
    self.handler.emit(record)
  File "/usr/local/lib/python3.7/logging/__init__.py", line 1127, in emit
    StreamHandler.emit(self, record)
  File "/usr/local/lib/python3.7/logging/__init__.py", line 1033, in emit
    self.handleError(record)
  File "/usr/local/lib/python3.7/logging/__init__.py", line 946, in handleError
    sys.stderr.write('--- Logging error ---\n')
  File "/home/airflow/.local/lib/python3.7/site-packages/airflow/utils/log/logging_mixin.py", line 127, in write
    self.flush()
  File "/home/airflow/.local/lib/python3.7/site-packages/airflow/utils/log/logging_mixin.py", line 134, in flush
    self._propagate_log(buf)
  File "/home/airflow/.local/lib/python3.7/site-packages/airflow/utils/log/logging_mixin.py", line 115, in _propagate_log
    self.logger.log(self.level, remove_escape_codes(message))
  File "/usr/local/lib/python3.7/logging/__init__.py", line 1444, in log
    self._log(level, msg, args, **kwargs)
  File "/usr/local/lib/python3.7/logging/__init__.py", line 1514, in _log
    self.handle(record)
  File "/usr/local/lib/python3.7/logging/__init__.py", line 1524, in handle
    self.callHandlers(record)
  File "/usr/local/lib/python3.7/logging/__init__.py", line 1586, in callHandlers
    hdlr.handle(record)
  File "/usr/local/lib/python3.7/logging/__init__.py", line 894, in handle
    self.emit(record)
  File "/home/airflow/.local/lib/python3.7/site-packages/airflow/utils/log/file_task_handler.py", line 67, in emit
    self.handler.emit(record)
  File "/usr/local/lib/python3.7/logging/__init__.py", line 1127, in emit
    StreamHandler.emit(self, record)
  File "/usr/local/lib/python3.7/logging/__init__.py", line 1033, in emit
    self.handleError(record)
  File "/usr/local/lib/python3.7/logging/__init__.py", line 946, in handleError
    sys.stderr.write('--- Logging error ---\n')
  File "/home/airflow/.local/lib/python3.7/site-packages/airflow/utils/log/logging_mixin.py", line 127, in write
    self.flush()
  File "/home/airflow/.local/lib/python3.7/site-packages/airflow/utils/log/logging_mixin.py", line 134, in flush
    self._propagate_log(buf)
  File "/home/airflow/.local/lib/python3.7/site-packages/airflow/utils/log/logging_mixin.py", line 115, in _propagate_log
    self.logger.log(self.level, remove_escape_codes(message))
  File "/usr/local/lib/python3.7/logging/__init__.py", line 1444, in log
    self._log(level, msg, args, **kwargs)
  File "/usr/local/lib/python3.7/logging/__init__.py", line 1514, in _log
    self.handle(record)
  File "/usr/local/lib/python3.7/logging/__init__.py", line 1524, in handle
    self.callHandlers(record)
  File "/usr/local/lib/python3.7/logging/__init__.py", line 1586, in callHandlers
    hdlr.handle(record)
  File "/usr/local/lib/python3.7/logging/__init__.py", line 894, in handle
    self.emit(record)
  File "/home/airflow/.local/lib/python3.7/site-packages/airflow/utils/log/file_task_handler.py", line 67, in emit
    self.handler.emit(record)
  File "/usr/local/lib/python3.7/logging/__init__.py", line 1127, in emit
    StreamHandler.emit(self, record)
  File "/usr/local/lib/python3.7/logging/__init__.py", line 1033, in emit
    self.handleError(record)
  File "/usr/local/lib/python3.7/logging/__init__.py", line 946, in handleError
    sys.stderr.write('--- Logging error ---\n')
  File "/home/airflow/.local/lib/python3.7/site-packages/airflow/utils/log/logging_mixin.py", line 127, in write
    self.flush()
  File "/home/airflow/.local/lib/python3.7/site-packages/airflow/utils/log/logging_mixin.py", line 134, in flush
    self._propagate_log(buf)
  File "/home/airflow/.local/lib/python3.7/site-packages/airflow/utils/log/logging_mixin.py", line 115, in _propagate_log
    self.logger.log(self.level, remove_escape_codes(message))
  File "/usr/local/lib/python3.7/logging/__init__.py", line 1444, in log
    self._log(level, msg, args, **kwargs)
  File "/usr/local/lib/python3.7/logging/__init__.py", line 1514, in _log
    self.handle(record)
  File "/usr/local/lib/python3.7/logging/__init__.py", line 1524, in handle
    self.callHandlers(record)
  File "/usr/local/lib/python3.7/logging/__init__.py", line 1586, in callHandlers
    hdlr.handle(record)
  File "/usr/local/lib/python3.7/logging/__init__.py", line 894, in handle
    self.emit(record)
  File "/home/airflow/.local/lib/python3.7/site-packages/airflow/utils/log/file_task_handler.py", line 67, in emit
    self.handler.emit(record)
  File "/usr/local/lib/python3.7/logging/__init__.py", line 1127, in emit
    StreamHandler.emit(self, record)
  File "/usr/local/lib/python3.7/logging/__init__.py", line 1033, in emit
    self.handleError(record)
  File "/usr/local/lib/python3.7/logging/__init__.py", line 946, in handleError
    sys.stderr.write('--- Logging error ---\n')
  File "/home/airflow/.local/lib/python3.7/site-packages/airflow/utils/log/logging_mixin.py", line 127, in write
    self.flush()
  File "/home/airflow/.local/lib/python3.7/site-packages/airflow/utils/log/logging_mixin.py", line 134, in flush
    self._propagate_log(buf)
  File "/home/airflow/.local/lib/python3.7/site-packages/airflow/utils/log/logging_mixin.py", line 115, in _propagate_log
    self.logger.log(self.level, remove_escape_codes(message))
  File "/usr/local/lib/python3.7/logging/__init__.py", line 1444, in log
    self._log(level, msg, args, **kwargs)
  File "/usr/local/lib/python3.7/logging/__init__.py", line 1514, in _log
    self.handle(record)
  File "/usr/local/lib/python3.7/logging/__init__.py", line 1524, in handle
    self.callHandlers(record)
  File "/usr/local/lib/python3.7/logging/__init__.py", line 1586, in callHandlers
    hdlr.handle(record)
  File "/usr/local/lib/python3.7/logging/__init__.py", line 894, in handle
    self.emit(record)
  File "/home/airflow/.local/lib/python3.7/site-packages/airflow/utils/log/file_task_handler.py", line 67, in emit
    self.handler.emit(record)
  File "/usr/local/lib/python3.7/logging/__init__.py", line 1127, in emit
    StreamHandler.emit(self, record)
  File "/usr/local/lib/python3.7/logging/__init__.py", line 1033, in emit
    self.handleError(record)
  File "/usr/local/lib/python3.7/logging/__init__.py", line 946, in handleError
    sys.stderr.write('--- Logging error ---\n')
  File "/home/airflow/.local/lib/python3.7/site-packages/airflow/utils/log/logging_mixin.py", line 127, in write
    self.flush()
  File "/home/airflow/.local/lib/python3.7/site-packages/airflow/utils/log/logging_mixin.py", line 134, in flush
    self._propagate_log(buf)
  File "/home/airflow/.local/lib/python3.7/site-packages/airflow/utils/log/logging_mixin.py", line 115, in _propagate_log
    self.logger.log(self.level, remove_escape_codes(message))
  File "/usr/local/lib/python3.7/logging/__init__.py", line 1444, in log
    self._log(level, msg, args, **kwargs)
  File "/usr/local/lib/python3.7/logging/__init__.py", line 1514, in _log
    self.handle(record)
  File "/usr/local/lib/python3.7/logging/__init__.py", line 1524, in handle
    self.callHandlers(record)
  File "/usr/local/lib/python3.7/logging/__init__.py", line 1586, in callHandlers
    hdlr.handle(record)
  File "/usr/local/lib/python3.7/logging/__init__.py", line 894, in handle
    self.emit(record)
  File "/home/airflow/.local/lib/python3.7/site-packages/airflow/utils/log/file_task_handler.py", line 67, in emit
    self.handler.emit(record)
  File "/usr/local/lib/python3.7/logging/__init__.py", line 1127, in emit
    StreamHandler.emit(self, record)
  File "/usr/local/lib/python3.7/logging/__init__.py", line 1033, in emit
    self.handleError(record)
  File "/usr/local/lib/python3.7/logging/__init__.py", line 946, in handleError
    sys.stderr.write('--- Logging error ---\n')
  File "/home/airflow/.local/lib/python3.7/site-packages/airflow/utils/log/logging_mixin.py", line 127, in write
    self.flush()
  File "/home/airflow/.local/lib/python3.7/site-packages/airflow/utils/log/logging_mixin.py", line 134, in flush
    self._propagate_log(buf)
  File "/home/airflow/.local/lib/python3.7/site-packages/airflow/utils/log/logging_mixin.py", line 115, in _propagate_log
    self.logger.log(self.level, remove_escape_codes(message))
  File "/usr/local/lib/python3.7/logging/__init__.py", line 1444, in log
    self._log(level, msg, args, **kwargs)
  File "/usr/local/lib/python3.7/logging/__init__.py", line 1514, in _log
    self.handle(record)
  File "/usr/local/lib/python3.7/logging/__init__.py", line 1524, in handle
    self.callHandlers(record)
  File "/usr/local/lib/python3.7/logging/__init__.py", line 1586, in callHandlers
    hdlr.handle(record)
  File "/usr/local/lib/python3.7/logging/__init__.py", line 894, in handle
    self.emit(record)
  File "/home/airflow/.local/lib/python3.7/site-packages/airflow/utils/log/file_task_handler.py", line 67, in emit
    self.handler.emit(record)
  File "/usr/local/lib/python3.7/logging/__init__.py", line 1127, in emit
    StreamHandler.emit(self, record)
  File "/usr/local/lib/python3.7/logging/__init__.py", line 1033, in emit
    self.handleError(record)
  File "/usr/local/lib/python3.7/logging/__init__.py", line 946, in handleError
    sys.stderr.write('--- Logging error ---\n')
  File "/home/airflow/.local/lib/python3.7/site-packages/airflow/utils/log/logging_mixin.py", line 127, in write
    self.flush()
  File "/home/airflow/.local/lib/python3.7/site-packages/airflow/utils/log/logging_mixin.py", line 134, in flush
    self._propagate_log(buf)
  File "/home/airflow/.local/lib/python3.7/site-packages/airflow/utils/log/logging_mixin.py", line 115, in _propagate_log
    self.logger.log(self.level, remove_escape_codes(message))
  File "/usr/local/lib/python3.7/logging/__init__.py", line 1444, in log
    self._log(level, msg, args, **kwargs)
  File "/usr/local/lib/python3.7/logging/__init__.py", line 1514, in _log
    self.handle(record)
  File "/usr/local/lib/python3.7/logging/__init__.py", line 1524, in handle
    self.callHandlers(record)
  File "/usr/local/lib/python3.7/logging/__init__.py", line 1586, in callHandlers
    hdlr.handle(record)
  File "/usr/local/lib/python3.7/logging/__init__.py", line 894, in handle
    self.emit(record)
  File "/home/airflow/.local/lib/python3.7/site-packages/airflow/utils/log/file_task_handler.py", line 67, in emit
    self.handler.emit(record)
  File "/usr/local/lib/python3.7/logging/__init__.py", line 1127, in emit
    StreamHandler.emit(self, record)
  File "/usr/local/lib/python3.7/logging/__init__.py", line 1033, in emit
    self.handleError(record)
  File "/usr/local/lib/python3.7/logging/__init__.py", line 946, in handleError
    sys.stderr.write('--- Logging error ---\n')
  File "/home/airflow/.local/lib/python3.7/site-packages/airflow/utils/log/logging_mixin.py", line 127, in write
    self.flush()
  File "/home/airflow/.local/lib/python3.7/site-packages/airflow/utils/log/logging_mixin.py", line 134, in flush
    self._propagate_log(buf)
  File "/home/airflow/.local/lib/python3.7/site-packages/airflow/utils/log/logging_mixin.py", line 115, in _propagate_log
    self.logger.log(self.level, remove_escape_codes(message))
  File "/usr/local/lib/python3.7/logging/__init__.py", line 1444, in log
    self._log(level, msg, args, **kwargs)
  File "/usr/local/lib/python3.7/logging/__init__.py", line 1514, in _log
    self.handle(record)
  File "/usr/local/lib/python3.7/logging/__init__.py", line 1524, in handle
    self.callHandlers(record)
  File "/usr/local/lib/python3.7/logging/__init__.py", line 1586, in callHandlers
    hdlr.handle(record)
  File "/usr/local/lib/python3.7/logging/__init__.py", line 894, in handle
    self.emit(record)
  File "/home/airflow/.local/lib/python3.7/site-packages/airflow/utils/log/file_task_handler.py", line 67, in emit
    self.handler.emit(record)
  File "/usr/local/lib/python3.7/logging/__init__.py", line 1127, in emit
    StreamHandler.emit(self, record)
  File "/usr/local/lib/python3.7/logging/__init__.py", line 1033, in emit
    self.handleError(record)
  File "/usr/local/lib/python3.7/logging/__init__.py", line 946, in handleError
    sys.stderr.write('--- Logging error ---\n')
  File "/home/airflow/.local/lib/python3.7/site-packages/airflow/utils/log/logging_mixin.py", line 127, in write
    self.flush()
  File "/home/airflow/.local/lib/python3.7/site-packages/airflow/utils/log/logging_mixin.py", line 134, in flush
    self._propagate_log(buf)
  File "/home/airflow/.local/lib/python3.7/site-packages/airflow/utils/log/logging_mixin.py", line 115, in _propagate_log
    self.logger.log(self.level, remove_escape_codes(message))
  File "/usr/local/lib/python3.7/logging/__init__.py", line 1444, in log
    self._log(level, msg, args, **kwargs)
  File "/usr/local/lib/python3.7/logging/__init__.py", line 1514, in _log
    self.handle(record)
  File "/usr/local/lib/python3.7/logging/__init__.py", line 1524, in handle
    self.callHandlers(record)
  File "/usr/local/lib/python3.7/logging/__init__.py", line 1586, in callHandlers
    hdlr.handle(record)
  File "/usr/local/lib/python3.7/logging/__init__.py", line 894, in handle
    self.emit(record)
  File "/home/airflow/.local/lib/python3.7/site-packages/airflow/utils/log/file_task_handler.py", line 67, in emit
    self.handler.emit(record)
  File "/usr/local/lib/python3.7/logging/__init__.py", line 1127, in emit
    StreamHandler.emit(self, record)
  File "/usr/local/lib/python3.7/logging/__init__.py", line 1033, in emit
    self.handleError(record)
  File "/usr/local/lib/python3.7/logging/__init__.py", line 946, in handleError
    sys.stderr.write('--- Logging error ---\n')
  File "/home/airflow/.local/lib/python3.7/site-packages/airflow/utils/log/logging_mixin.py", line 127, in write
    self.flush()
  File "/home/airflow/.local/lib/python3.7/site-packages/airflow/utils/log/logging_mixin.py", line 134, in flush
    self._propagate_log(buf)
  File "/home/airflow/.local/lib/python3.7/site-packages/airflow/utils/log/logging_mixin.py", line 115, in _propagate_log
    self.logger.log(self.level, remove_escape_codes(message))
  File "/usr/local/lib/python3.7/logging/__init__.py", line 1444, in log
    self._log(level, msg, args, **kwargs)
  File "/usr/local/lib/python3.7/logging/__init__.py", line 1514, in _log
    self.handle(record)
  File "/usr/local/lib/python3.7/logging/__init__.py", line 1524, in handle
    self.callHandlers(record)
  File "/usr/local/lib/python3.7/logging/__init__.py", line 1586, in callHandlers
    hdlr.handle(record)
  File "/usr/local/lib/python3.7/logging/__init__.py", line 894, in handle
    self.emit(record)
  File "/home/airflow/.local/lib/python3.7/site-packages/airflow/utils/log/file_task_handler.py", line 67, in emit
    self.handler.emit(record)
  File "/usr/local/lib/python3.7/logging/__init__.py", line 1127, in emit
    StreamHandler.emit(self, record)
  File "/usr/local/lib/python3.7/logging/__init__.py", line 1033, in emit
    self.handleError(record)
  File "/usr/local/lib/python3.7/logging/__init__.py", line 946, in handleError
    sys.stderr.write('--- Logging error ---\n')
  File "/home/airflow/.local/lib/python3.7/site-packages/airflow/utils/log/logging_mixin.py", line 127, in write
    self.flush()
  File "/home/airflow/.local/lib/python3.7/site-packages/airflow/utils/log/logging_mixin.py", line 134, in flush
    self._propagate_log(buf)
  File "/home/airflow/.local/lib/python3.7/site-packages/airflow/utils/log/logging_mixin.py", line 115, in _propagate_log
    self.logger.log(self.level, remove_escape_codes(message))
  File "/usr/local/lib/python3.7/logging/__init__.py", line 1444, in log
    self._log(level, msg, args, **kwargs)
  File "/usr/local/lib/python3.7/logging/__init__.py", line 1514, in _log
    self.handle(record)
  File "/usr/local/lib/python3.7/logging/__init__.py", line 1524, in handle
    self.callHandlers(record)
  File "/usr/local/lib/python3.7/logging/__init__.py", line 1586, in callHandlers
    hdlr.handle(record)
  File "/usr/local/lib/python3.7/logging/__init__.py", line 894, in handle
    self.emit(record)
  File "/home/airflow/.local/lib/python3.7/site-packages/airflow/utils/log/file_task_handler.py", line 67, in emit
    self.handler.emit(record)
  File "/usr/local/lib/python3.7/logging/__init__.py", line 1127, in emit
    StreamHandler.emit(self, record)
  File "/usr/local/lib/python3.7/logging/__init__.py", line 1033, in emit
    self.handleError(record)
  File "/usr/local/lib/python3.7/logging/__init__.py", line 946, in handleError
    sys.stderr.write('--- Logging error ---\n')
  File "/home/airflow/.local/lib/python3.7/site-packages/airflow/utils/log/logging_mixin.py", line 127, in write
    self.flush()
  File "/home/airflow/.local/lib/python3.7/site-packages/airflow/utils/log/logging_mixin.py", line 134, in flush
    self._propagate_log(buf)
  File "/home/airflow/.local/lib/python3.7/site-packages/airflow/utils/log/logging_mixin.py", line 115, in _propagate_log
    self.logger.log(self.level, remove_escape_codes(message))
  File "/usr/local/lib/python3.7/logging/__init__.py", line 1444, in log
    self._log(level, msg, args, **kwargs)
  File "/usr/local/lib/python3.7/logging/__init__.py", line 1514, in _log
    self.handle(record)
  File "/usr/local/lib/python3.7/logging/__init__.py", line 1524, in handle
    self.callHandlers(record)
  File "/usr/local/lib/python3.7/logging/__init__.py", line 1586, in callHandlers
    hdlr.handle(record)
  File "/usr/local/lib/python3.7/logging/__init__.py", line 894, in handle
    self.emit(record)
  File "/home/airflow/.local/lib/python3.7/site-packages/airflow/utils/log/file_task_handler.py", line 67, in emit
    self.handler.emit(record)
  File "/usr/local/lib/python3.7/logging/__init__.py", line 1127, in emit
    StreamHandler.emit(self, record)
  File "/usr/local/lib/python3.7/logging/__init__.py", line 1033, in emit
    self.handleError(record)
  File "/usr/local/lib/python3.7/logging/__init__.py", line 946, in handleError
    sys.stderr.write('--- Logging error ---\n')
  File "/home/airflow/.local/lib/python3.7/site-packages/airflow/utils/log/logging_mixin.py", line 127, in write
    self.flush()
  File "/home/airflow/.local/lib/python3.7/site-packages/airflow/utils/log/logging_mixin.py", line 134, in flush
    self._propagate_log(buf)
  File "/home/airflow/.local/lib/python3.7/site-packages/airflow/utils/log/logging_mixin.py", line 115, in _propagate_log
    self.logger.log(self.level, remove_escape_codes(message))
  File "/usr/local/lib/python3.7/logging/__init__.py", line 1444, in log
    self._log(level, msg, args, **kwargs)
  File "/usr/local/lib/python3.7/logging/__init__.py", line 1514, in _log
    self.handle(record)
  File "/usr/local/lib/python3.7/logging/__init__.py", line 1524, in handle
    self.callHandlers(record)
  File "/usr/local/lib/python3.7/logging/__init__.py", line 1586, in callHandlers
    hdlr.handle(record)
  File "/usr/local/lib/python3.7/logging/__init__.py", line 894, in handle
    self.emit(record)
  File "/home/airflow/.local/lib/python3.7/site-packages/airflow/utils/log/file_task_handler.py", line 67, in emit
    self.handler.emit(record)
  File "/usr/local/lib/python3.7/logging/__init__.py", line 1127, in emit
    StreamHandler.emit(self, record)
  File "/usr/local/lib/python3.7/logging/__init__.py", line 1033, in emit
    self.handleError(record)
  File "/usr/local/lib/python3.7/logging/__init__.py", line 946, in handleError
    sys.stderr.write('--- Logging error ---\n')
  File "/home/airflow/.local/lib/python3.7/site-packages/airflow/utils/log/logging_mixin.py", line 127, in write
    self.flush()
  File "/home/airflow/.local/lib/python3.7/site-packages/airflow/utils/log/logging_mixin.py", line 134, in flush
    self._propagate_log(buf)
  File "/home/airflow/.local/lib/python3.7/site-packages/airflow/utils/log/logging_mixin.py", line 115, in _propagate_log
    self.logger.log(self.level, remove_escape_codes(message))
  File "/usr/local/lib/python3.7/logging/__init__.py", line 1444, in log
    self._log(level, msg, args, **kwargs)
  File "/usr/local/lib/python3.7/logging/__init__.py", line 1514, in _log
    self.handle(record)
  File "/usr/local/lib/python3.7/logging/__init__.py", line 1524, in handle
    self.callHandlers(record)
  File "/usr/local/lib/python3.7/logging/__init__.py", line 1586, in callHandlers
    hdlr.handle(record)
  File "/usr/local/lib/python3.7/logging/__init__.py", line 894, in handle
    self.emit(record)
  File "/home/airflow/.local/lib/python3.7/site-packages/airflow/utils/log/file_task_handler.py", line 67, in emit
    self.handler.emit(record)
  File "/usr/local/lib/python3.7/logging/__init__.py", line 1127, in emit
    StreamHandler.emit(self, record)
  File "/usr/local/lib/python3.7/logging/__init__.py", line 1033, in emit
    self.handleError(record)
  File "/usr/local/lib/python3.7/logging/__init__.py", line 946, in handleError
    sys.stderr.write('--- Logging error ---\n')
  File "/home/airflow/.local/lib/python3.7/site-packages/airflow/utils/log/logging_mixin.py", line 127, in write
    self.flush()
  File "/home/airflow/.local/lib/python3.7/site-packages/airflow/utils/log/logging_mixin.py", line 134, in flush
    self._propagate_log(buf)
  File "/home/airflow/.local/lib/python3.7/site-packages/airflow/utils/log/logging_mixin.py", line 115, in _propagate_log
    self.logger.log(self.level, remove_escape_codes(message))
  File "/usr/local/lib/python3.7/logging/__init__.py", line 1444, in log
    self._log(level, msg, args, **kwargs)
  File "/usr/local/lib/python3.7/logging/__init__.py", line 1514, in _log
    self.handle(record)
  File "/usr/local/lib/python3.7/logging/__init__.py", line 1524, in handle
    self.callHandlers(record)
  File "/usr/local/lib/python3.7/logging/__init__.py", line 1586, in callHandlers
    hdlr.handle(record)
  File "/usr/local/lib/python3.7/logging/__init__.py", line 894, in handle
    self.emit(record)
  File "/home/airflow/.local/lib/python3.7/site-packages/airflow/utils/log/file_task_handler.py", line 67, in emit
    self.handler.emit(record)
  File "/usr/local/lib/python3.7/logging/__init__.py", line 1127, in emit
    StreamHandler.emit(self, record)
  File "/usr/local/lib/python3.7/logging/__init__.py", line 1033, in emit
    self.handleError(record)
  File "/usr/local/lib/python3.7/logging/__init__.py", line 946, in handleError
    sys.stderr.write('--- Logging error ---\n')
  File "/home/airflow/.local/lib/python3.7/site-packages/airflow/utils/log/logging_mixin.py", line 127, in write
    self.flush()
  File "/home/airflow/.local/lib/python3.7/site-packages/airflow/utils/log/logging_mixin.py", line 134, in flush
    self._propagate_log(buf)
  File "/home/airflow/.local/lib/python3.7/site-packages/airflow/utils/log/logging_mixin.py", line 115, in _propagate_log
    self.logger.log(self.level, remove_escape_codes(message))
  File "/usr/local/lib/python3.7/logging/__init__.py", line 1444, in log
    self._log(level, msg, args, **kwargs)
  File "/usr/local/lib/python3.7/logging/__init__.py", line 1514, in _log
    self.handle(record)
  File "/usr/local/lib/python3.7/logging/__init__.py", line 1524, in handle
    self.callHandlers(record)
  File "/usr/local/lib/python3.7/logging/__init__.py", line 1586, in callHandlers
    hdlr.handle(record)
  File "/usr/local/lib/python3.7/logging/__init__.py", line 894, in handle
    self.emit(record)
  File "/home/airflow/.local/lib/python3.7/site-packages/airflow/utils/log/file_task_handler.py", line 67, in emit
    self.handler.emit(record)
  File "/usr/local/lib/python3.7/logging/__init__.py", line 1127, in emit
    StreamHandler.emit(self, record)
  File "/usr/local/lib/python3.7/logging/__init__.py", line 1033, in emit
    self.handleError(record)
  File "/usr/local/lib/python3.7/logging/__init__.py", line 946, in handleError
    sys.stderr.write('--- Logging error ---\n')
  File "/home/airflow/.local/lib/python3.7/site-packages/airflow/utils/log/logging_mixin.py", line 127, in write
    self.flush()
  File "/home/airflow/.local/lib/python3.7/site-packages/airflow/utils/log/logging_mixin.py", line 134, in flush
    self._propagate_log(buf)
  File "/home/airflow/.local/lib/python3.7/site-packages/airflow/utils/log/logging_mixin.py", line 115, in _propagate_log
    self.logger.log(self.level, remove_escape_codes(message))
  File "/usr/local/lib/python3.7/logging/__init__.py", line 1444, in log
    self._log(level, msg, args, **kwargs)
  File "/usr/local/lib/python3.7/logging/__init__.py", line 1514, in _log
    self.handle(record)
  File "/usr/local/lib/python3.7/logging/__init__.py", line 1524, in handle
    self.callHandlers(record)
  File "/usr/local/lib/python3.7/logging/__init__.py", line 1586, in callHandlers
    hdlr.handle(record)
  File "/usr/local/lib/python3.7/logging/__init__.py", line 894, in handle
    self.emit(record)
  File "/home/airflow/.local/lib/python3.7/site-packages/airflow/utils/log/file_task_handler.py", line 67, in emit
    self.handler.emit(record)
  File "/usr/local/lib/python3.7/logging/__init__.py", line 1127, in emit
    StreamHandler.emit(self, record)
  File "/usr/local/lib/python3.7/logging/__init__.py", line 1033, in emit
    self.handleError(record)
  File "/usr/local/lib/python3.7/logging/__init__.py", line 946, in handleError
    sys.stderr.write('--- Logging error ---\n')
  File "/home/airflow/.local/lib/python3.7/site-packages/airflow/utils/log/logging_mixin.py", line 127, in write
    self.flush()
  File "/home/airflow/.local/lib/python3.7/site-packages/airflow/utils/log/logging_mixin.py", line 134, in flush
    self._propagate_log(buf)
  File "/home/airflow/.local/lib/python3.7/site-packages/airflow/utils/log/logging_mixin.py", line 115, in _propagate_log
    self.logger.log(self.level, remove_escape_codes(message))
  File "/usr/local/lib/python3.7/logging/__init__.py", line 1444, in log
    self._log(level, msg, args, **kwargs)
  File "/usr/local/lib/python3.7/logging/__init__.py", line 1514, in _log
    self.handle(record)
  File "/usr/local/lib/python3.7/logging/__init__.py", line 1524, in handle
    self.callHandlers(record)
  File "/usr/local/lib/python3.7/logging/__init__.py", line 1586, in callHandlers
    hdlr.handle(record)
  File "/usr/local/lib/python3.7/logging/__init__.py", line 894, in handle
    self.emit(record)
  File "/home/airflow/.local/lib/python3.7/site-packages/airflow/utils/log/file_task_handler.py", line 67, in emit
    self.handler.emit(record)
  File "/usr/local/lib/python3.7/logging/__init__.py", line 1127, in emit
    StreamHandler.emit(self, record)
  File "/usr/local/lib/python3.7/logging/__init__.py", line 1033, in emit
    self.handleError(record)
  File "/usr/local/lib/python3.7/logging/__init__.py", line 946, in handleError
    sys.stderr.write('--- Logging error ---\n')
  File "/home/airflow/.local/lib/python3.7/site-packages/airflow/utils/log/logging_mixin.py", line 127, in write
    self.flush()
  File "/home/airflow/.local/lib/python3.7/site-packages/airflow/utils/log/logging_mixin.py", line 134, in flush
    self._propagate_log(buf)
  File "/home/airflow/.local/lib/python3.7/site-packages/airflow/utils/log/logging_mixin.py", line 115, in _propagate_log
    self.logger.log(self.level, remove_escape_codes(message))
  File "/usr/local/lib/python3.7/logging/__init__.py", line 1444, in log
    self._log(level, msg, args, **kwargs)
  File "/usr/local/lib/python3.7/logging/__init__.py", line 1514, in _log
    self.handle(record)
  File "/usr/local/lib/python3.7/logging/__init__.py", line 1524, in handle
    self.callHandlers(record)
  File "/usr/local/lib/python3.7/logging/__init__.py", line 1586, in callHandlers
    hdlr.handle(record)
  File "/usr/local/lib/python3.7/logging/__init__.py", line 894, in handle
    self.emit(record)
  File "/home/airflow/.local/lib/python3.7/site-packages/airflow/utils/log/file_task_handler.py", line 67, in emit
    self.handler.emit(record)
  File "/usr/local/lib/python3.7/logging/__init__.py", line 1127, in emit
    StreamHandler.emit(self, record)
  File "/usr/local/lib/python3.7/logging/__init__.py", line 1033, in emit
    self.handleError(record)
  File "/usr/local/lib/python3.7/logging/__init__.py", line 946, in handleError
    sys.stderr.write('--- Logging error ---\n')
  File "/home/airflow/.local/lib/python3.7/site-packages/airflow/utils/log/logging_mixin.py", line 127, in write
    self.flush()
  File "/home/airflow/.local/lib/python3.7/site-packages/airflow/utils/log/logging_mixin.py", line 134, in flush
    self._propagate_log(buf)
  File "/home/airflow/.local/lib/python3.7/site-packages/airflow/utils/log/logging_mixin.py", line 115, in _propagate_log
    self.logger.log(self.level, remove_escape_codes(message))
  File "/usr/local/lib/python3.7/logging/__init__.py", line 1444, in log
    self._log(level, msg, args, **kwargs)
  File "/usr/local/lib/python3.7/logging/__init__.py", line 1514, in _log
    self.handle(record)
  File "/usr/local/lib/python3.7/logging/__init__.py", line 1524, in handle
    self.callHandlers(record)
  File "/usr/local/lib/python3.7/logging/__init__.py", line 1586, in callHandlers
    hdlr.handle(record)
  File "/usr/local/lib/python3.7/logging/__init__.py", line 894, in handle
    self.emit(record)
  File "/home/airflow/.local/lib/python3.7/site-packages/airflow/utils/log/file_task_handler.py", line 67, in emit
    self.handler.emit(record)
  File "/usr/local/lib/python3.7/logging/__init__.py", line 1127, in emit
    StreamHandler.emit(self, record)
  File "/usr/local/lib/python3.7/logging/__init__.py", line 1033, in emit
    self.handleError(record)
  File "/usr/local/lib/python3.7/logging/__init__.py", line 946, in handleError
    sys.stderr.write('--- Logging error ---\n')
  File "/home/airflow/.local/lib/python3.7/site-packages/airflow/utils/log/logging_mixin.py", line 127, in write
    self.flush()
  File "/home/airflow/.local/lib/python3.7/site-packages/airflow/utils/log/logging_mixin.py", line 134, in flush
    self._propagate_log(buf)
  File "/home/airflow/.local/lib/python3.7/site-packages/airflow/utils/log/logging_mixin.py", line 115, in _propagate_log
    self.logger.log(self.level, remove_escape_codes(message))
  File "/usr/local/lib/python3.7/logging/__init__.py", line 1444, in log
    self._log(level, msg, args, **kwargs)
  File "/usr/local/lib/python3.7/logging/__init__.py", line 1514, in _log
    self.handle(record)
  File "/usr/local/lib/python3.7/logging/__init__.py", line 1524, in handle
    self.callHandlers(record)
  File "/usr/local/lib/python3.7/logging/__init__.py", line 1586, in callHandlers
    hdlr.handle(record)
  File "/usr/local/lib/python3.7/logging/__init__.py", line 894, in handle
    self.emit(record)
  File "/home/airflow/.local/lib/python3.7/site-packages/airflow/utils/log/file_task_handler.py", line 67, in emit
    self.handler.emit(record)
  File "/usr/local/lib/python3.7/logging/__init__.py", line 1127, in emit
    StreamHandler.emit(self, record)
  File "/usr/local/lib/python3.7/logging/__init__.py", line 1033, in emit
    self.handleError(record)
  File "/usr/local/lib/python3.7/logging/__init__.py", line 946, in handleError
    sys.stderr.write('--- Logging error ---\n')
  File "/home/airflow/.local/lib/python3.7/site-packages/airflow/utils/log/logging_mixin.py", line 127, in write
    self.flush()
  File "/home/airflow/.local/lib/python3.7/site-packages/airflow/utils/log/logging_mixin.py", line 134, in flush
    self._propagate_log(buf)
  File "/home/airflow/.local/lib/python3.7/site-packages/airflow/utils/log/logging_mixin.py", line 115, in _propagate_log
    self.logger.log(self.level, remove_escape_codes(message))
  File "/usr/local/lib/python3.7/logging/__init__.py", line 1444, in log
    self._log(level, msg, args, **kwargs)
  File "/usr/local/lib/python3.7/logging/__init__.py", line 1514, in _log
    self.handle(record)
  File "/usr/local/lib/python3.7/logging/__init__.py", line 1524, in handle
    self.callHandlers(record)
  File "/usr/local/lib/python3.7/logging/__init__.py", line 1586, in callHandlers
    hdlr.handle(record)
  File "/usr/local/lib/python3.7/logging/__init__.py", line 894, in handle
    self.emit(record)
  File "/home/airflow/.local/lib/python3.7/site-packages/airflow/utils/log/file_task_handler.py", line 67, in emit
    self.handler.emit(record)
  File "/usr/local/lib/python3.7/logging/__init__.py", line 1127, in emit
    StreamHandler.emit(self, record)
  File "/usr/local/lib/python3.7/logging/__init__.py", line 1033, in emit
    self.handleError(record)
  File "/usr/local/lib/python3.7/logging/__init__.py", line 946, in handleError
    sys.stderr.write('--- Logging error ---\n')
  File "/home/airflow/.local/lib/python3.7/site-packages/airflow/utils/log/logging_mixin.py", line 127, in write
    self.flush()
  File "/home/airflow/.local/lib/python3.7/site-packages/airflow/utils/log/logging_mixin.py", line 134, in flush
    self._propagate_log(buf)
  File "/home/airflow/.local/lib/python3.7/site-packages/airflow/utils/log/logging_mixin.py", line 115, in _propagate_log
    self.logger.log(self.level, remove_escape_codes(message))
  File "/usr/local/lib/python3.7/logging/__init__.py", line 1444, in log
    self._log(level, msg, args, **kwargs)
  File "/usr/local/lib/python3.7/logging/__init__.py", line 1514, in _log
    self.handle(record)
  File "/usr/local/lib/python3.7/logging/__init__.py", line 1524, in handle
    self.callHandlers(record)
  File "/usr/local/lib/python3.7/logging/__init__.py", line 1586, in callHandlers
    hdlr.handle(record)
  File "/usr/local/lib/python3.7/logging/__init__.py", line 894, in handle
    self.emit(record)
  File "/home/airflow/.local/lib/python3.7/site-packages/airflow/utils/log/file_task_handler.py", line 67, in emit
    self.handler.emit(record)
  File "/usr/local/lib/python3.7/logging/__init__.py", line 1127, in emit
    StreamHandler.emit(self, record)
  File "/usr/local/lib/python3.7/logging/__init__.py", line 1033, in emit
    self.handleError(record)
  File "/usr/local/lib/python3.7/logging/__init__.py", line 946, in handleError
    sys.stderr.write('--- Logging error ---\n')
  File "/home/airflow/.local/lib/python3.7/site-packages/airflow/utils/log/logging_mixin.py", line 127, in write
    self.flush()
  File "/home/airflow/.local/lib/python3.7/site-packages/airflow/utils/log/logging_mixin.py", line 134, in flush
    self._propagate_log(buf)
  File "/home/airflow/.local/lib/python3.7/site-packages/airflow/utils/log/logging_mixin.py", line 115, in _propagate_log
    self.logger.log(self.level, remove_escape_codes(message))
  File "/usr/local/lib/python3.7/logging/__init__.py", line 1444, in log
    self._log(level, msg, args, **kwargs)
  File "/usr/local/lib/python3.7/logging/__init__.py", line 1514, in _log
    self.handle(record)
  File "/usr/local/lib/python3.7/logging/__init__.py", line 1524, in handle
    self.callHandlers(record)
  File "/usr/local/lib/python3.7/logging/__init__.py", line 1586, in callHandlers
    hdlr.handle(record)
  File "/usr/local/lib/python3.7/logging/__init__.py", line 894, in handle
    self.emit(record)
  File "/home/airflow/.local/lib/python3.7/site-packages/airflow/utils/log/file_task_handler.py", line 67, in emit
    self.handler.emit(record)
  File "/usr/local/lib/python3.7/logging/__init__.py", line 1127, in emit
    StreamHandler.emit(self, record)
  File "/usr/local/lib/python3.7/logging/__init__.py", line 1033, in emit
    self.handleError(record)
  File "/usr/local/lib/python3.7/logging/__init__.py", line 946, in handleError
    sys.stderr.write('--- Logging error ---\n')
  File "/home/airflow/.local/lib/python3.7/site-packages/airflow/utils/log/logging_mixin.py", line 127, in write
    self.flush()
  File "/home/airflow/.local/lib/python3.7/site-packages/airflow/utils/log/logging_mixin.py", line 134, in flush
    self._propagate_log(buf)
  File "/home/airflow/.local/lib/python3.7/site-packages/airflow/utils/log/logging_mixin.py", line 115, in _propagate_log
    self.logger.log(self.level, remove_escape_codes(message))
  File "/usr/local/lib/python3.7/logging/__init__.py", line 1444, in log
    self._log(level, msg, args, **kwargs)
  File "/usr/local/lib/python3.7/logging/__init__.py", line 1514, in _log
    self.handle(record)
  File "/usr/local/lib/python3.7/logging/__init__.py", line 1524, in handle
    self.callHandlers(record)
  File "/usr/local/lib/python3.7/logging/__init__.py", line 1586, in callHandlers
    hdlr.handle(record)
  File "/usr/local/lib/python3.7/logging/__init__.py", line 894, in handle
    self.emit(record)
  File "/home/airflow/.local/lib/python3.7/site-packages/airflow/utils/log/file_task_handler.py", line 67, in emit
    self.handler.emit(record)
  File "/usr/local/lib/python3.7/logging/__init__.py", line 1127, in emit
    StreamHandler.emit(self, record)
  File "/usr/local/lib/python3.7/logging/__init__.py", line 1033, in emit
    self.handleError(record)
  File "/usr/local/lib/python3.7/logging/__init__.py", line 946, in handleError
    sys.stderr.write('--- Logging error ---\n')
  File "/home/airflow/.local/lib/python3.7/site-packages/airflow/utils/log/logging_mixin.py", line 127, in write
    self.flush()
  File "/home/airflow/.local/lib/python3.7/site-packages/airflow/utils/log/logging_mixin.py", line 134, in flush
    self._propagate_log(buf)
  File "/home/airflow/.local/lib/python3.7/site-packages/airflow/utils/log/logging_mixin.py", line 115, in _propagate_log
    self.logger.log(self.level, remove_escape_codes(message))
  File "/usr/local/lib/python3.7/logging/__init__.py", line 1444, in log
    self._log(level, msg, args, **kwargs)
  File "/usr/local/lib/python3.7/logging/__init__.py", line 1514, in _log
    self.handle(record)
  File "/usr/local/lib/python3.7/logging/__init__.py", line 1524, in handle
    self.callHandlers(record)
  File "/usr/local/lib/python3.7/logging/__init__.py", line 1586, in callHandlers
    hdlr.handle(record)
  File "/usr/local/lib/python3.7/logging/__init__.py", line 894, in handle
    self.emit(record)
  File "/home/airflow/.local/lib/python3.7/site-packages/airflow/utils/log/file_task_handler.py", line 67, in emit
    self.handler.emit(record)
  File "/usr/local/lib/python3.7/logging/__init__.py", line 1127, in emit
    StreamHandler.emit(self, record)
  File "/usr/local/lib/python3.7/logging/__init__.py", line 1033, in emit
    self.handleError(record)
  File "/usr/local/lib/python3.7/logging/__init__.py", line 946, in handleError
    sys.stderr.write('--- Logging error ---\n')
  File "/home/airflow/.local/lib/python3.7/site-packages/airflow/utils/log/logging_mixin.py", line 127, in write
    self.flush()
  File "/home/airflow/.local/lib/python3.7/site-packages/airflow/utils/log/logging_mixin.py", line 134, in flush
    self._propagate_log(buf)
  File "/home/airflow/.local/lib/python3.7/site-packages/airflow/utils/log/logging_mixin.py", line 115, in _propagate_log
    self.logger.log(self.level, remove_escape_codes(message))
  File "/usr/local/lib/python3.7/logging/__init__.py", line 1444, in log
    self._log(level, msg, args, **kwargs)
  File "/usr/local/lib/python3.7/logging/__init__.py", line 1514, in _log
    self.handle(record)
  File "/usr/local/lib/python3.7/logging/__init__.py", line 1524, in handle
    self.callHandlers(record)
  File "/usr/local/lib/python3.7/logging/__init__.py", line 1586, in callHandlers
    hdlr.handle(record)
  File "/usr/local/lib/python3.7/logging/__init__.py", line 894, in handle
    self.emit(record)
  File "/home/airflow/.local/lib/python3.7/site-packages/airflow/utils/log/file_task_handler.py", line 67, in emit
    self.handler.emit(record)
  File "/usr/local/lib/python3.7/logging/__init__.py", line 1127, in emit
    StreamHandler.emit(self, record)
  File "/usr/local/lib/python3.7/logging/__init__.py", line 1033, in emit
    self.handleError(record)
  File "/usr/local/lib/python3.7/logging/__init__.py", line 946, in handleError
    sys.stderr.write('--- Logging error ---\n')
  File "/home/airflow/.local/lib/python3.7/site-packages/airflow/utils/log/logging_mixin.py", line 127, in write
    self.flush()
  File "/home/airflow/.local/lib/python3.7/site-packages/airflow/utils/log/logging_mixin.py", line 134, in flush
    self._propagate_log(buf)
  File "/home/airflow/.local/lib/python3.7/site-packages/airflow/utils/log/logging_mixin.py", line 115, in _propagate_log
    self.logger.log(self.level, remove_escape_codes(message))
  File "/usr/local/lib/python3.7/logging/__init__.py", line 1444, in log
    self._log(level, msg, args, **kwargs)
  File "/usr/local/lib/python3.7/logging/__init__.py", line 1514, in _log
    self.handle(record)
  File "/usr/local/lib/python3.7/logging/__init__.py", line 1524, in handle
    self.callHandlers(record)
  File "/usr/local/lib/python3.7/logging/__init__.py", line 1586, in callHandlers
    hdlr.handle(record)
  File "/usr/local/lib/python3.7/logging/__init__.py", line 894, in handle
    self.emit(record)
  File "/home/airflow/.local/lib/python3.7/site-packages/airflow/utils/log/file_task_handler.py", line 67, in emit
    self.handler.emit(record)
  File "/usr/local/lib/python3.7/logging/__init__.py", line 1127, in emit
    StreamHandler.emit(self, record)
  File "/usr/local/lib/python3.7/logging/__init__.py", line 1033, in emit
    self.handleError(record)
  File "/usr/local/lib/python3.7/logging/__init__.py", line 946, in handleError
    sys.stderr.write('--- Logging error ---\n')
  File "/home/airflow/.local/lib/python3.7/site-packages/airflow/utils/log/logging_mixin.py", line 127, in write
    self.flush()
  File "/home/airflow/.local/lib/python3.7/site-packages/airflow/utils/log/logging_mixin.py", line 134, in flush
    self._propagate_log(buf)
  File "/home/airflow/.local/lib/python3.7/site-packages/airflow/utils/log/logging_mixin.py", line 115, in _propagate_log
    self.logger.log(self.level, remove_escape_codes(message))
  File "/usr/local/lib/python3.7/logging/__init__.py", line 1444, in log
    self._log(level, msg, args, **kwargs)
  File "/usr/local/lib/python3.7/logging/__init__.py", line 1514, in _log
    self.handle(record)
  File "/usr/local/lib/python3.7/logging/__init__.py", line 1524, in handle
    self.callHandlers(record)
  File "/usr/local/lib/python3.7/logging/__init__.py", line 1586, in callHandlers
    hdlr.handle(record)
  File "/usr/local/lib/python3.7/logging/__init__.py", line 894, in handle
    self.emit(record)
  File "/home/airflow/.local/lib/python3.7/site-packages/airflow/utils/log/file_task_handler.py", line 67, in emit
    self.handler.emit(record)
  File "/usr/local/lib/python3.7/logging/__init__.py", line 1127, in emit
    StreamHandler.emit(self, record)
  File "/usr/local/lib/python3.7/logging/__init__.py", line 1033, in emit
    self.handleError(record)
  File "/usr/local/lib/python3.7/logging/__init__.py", line 946, in handleError
    sys.stderr.write('--- Logging error ---\n')
  File "/home/airflow/.local/lib/python3.7/site-packages/airflow/utils/log/logging_mixin.py", line 127, in write
    self.flush()
  File "/home/airflow/.local/lib/python3.7/site-packages/airflow/utils/log/logging_mixin.py", line 134, in flush
    self._propagate_log(buf)
  File "/home/airflow/.local/lib/python3.7/site-packages/airflow/utils/log/logging_mixin.py", line 115, in _propagate_log
    self.logger.log(self.level, remove_escape_codes(message))
  File "/usr/local/lib/python3.7/logging/__init__.py", line 1444, in log
    self._log(level, msg, args, **kwargs)
  File "/usr/local/lib/python3.7/logging/__init__.py", line 1514, in _log
    self.handle(record)
  File "/usr/local/lib/python3.7/logging/__init__.py", line 1524, in handle
    self.callHandlers(record)
  File "/usr/local/lib/python3.7/logging/__init__.py", line 1586, in callHandlers
    hdlr.handle(record)
  File "/usr/local/lib/python3.7/logging/__init__.py", line 894, in handle
    self.emit(record)
  File "/home/airflow/.local/lib/python3.7/site-packages/airflow/utils/log/file_task_handler.py", line 67, in emit
    self.handler.emit(record)
  File "/usr/local/lib/python3.7/logging/__init__.py", line 1127, in emit
    StreamHandler.emit(self, record)
  File "/usr/local/lib/python3.7/logging/__init__.py", line 1033, in emit
    self.handleError(record)
  File "/usr/local/lib/python3.7/logging/__init__.py", line 946, in handleError
    sys.stderr.write('--- Logging error ---\n')
  File "/home/airflow/.local/lib/python3.7/site-packages/airflow/utils/log/logging_mixin.py", line 127, in write
    self.flush()
  File "/home/airflow/.local/lib/python3.7/site-packages/airflow/utils/log/logging_mixin.py", line 134, in flush
    self._propagate_log(buf)
  File "/home/airflow/.local/lib/python3.7/site-packages/airflow/utils/log/logging_mixin.py", line 115, in _propagate_log
    self.logger.log(self.level, remove_escape_codes(message))
  File "/usr/local/lib/python3.7/logging/__init__.py", line 1444, in log
    self._log(level, msg, args, **kwargs)
  File "/usr/local/lib/python3.7/logging/__init__.py", line 1514, in _log
    self.handle(record)
  File "/usr/local/lib/python3.7/logging/__init__.py", line 1524, in handle
    self.callHandlers(record)
  File "/usr/local/lib/python3.7/logging/__init__.py", line 1586, in callHandlers
    hdlr.handle(record)
  File "/usr/local/lib/python3.7/logging/__init__.py", line 894, in handle
    self.emit(record)
  File "/home/airflow/.local/lib/python3.7/site-packages/airflow/utils/log/file_task_handler.py", line 67, in emit
    self.handler.emit(record)
  File "/usr/local/lib/python3.7/logging/__init__.py", line 1127, in emit
    StreamHandler.emit(self, record)
  File "/usr/local/lib/python3.7/logging/__init__.py", line 1033, in emit
    self.handleError(record)
  File "/usr/local/lib/python3.7/logging/__init__.py", line 946, in handleError
    sys.stderr.write('--- Logging error ---\n')
  File "/home/airflow/.local/lib/python3.7/site-packages/airflow/utils/log/logging_mixin.py", line 127, in write
    self.flush()
  File "/home/airflow/.local/lib/python3.7/site-packages/airflow/utils/log/logging_mixin.py", line 134, in flush
    self._propagate_log(buf)
  File "/home/airflow/.local/lib/python3.7/site-packages/airflow/utils/log/logging_mixin.py", line 115, in _propagate_log
    self.logger.log(self.level, remove_escape_codes(message))
  File "/usr/local/lib/python3.7/logging/__init__.py", line 1444, in log
    self._log(level, msg, args, **kwargs)
  File "/usr/local/lib/python3.7/logging/__init__.py", line 1514, in _log
    self.handle(record)
  File "/usr/local/lib/python3.7/logging/__init__.py", line 1524, in handle
    self.callHandlers(record)
  File "/usr/local/lib/python3.7/logging/__init__.py", line 1586, in callHandlers
    hdlr.handle(record)
  File "/usr/local/lib/python3.7/logging/__init__.py", line 894, in handle
    self.emit(record)
  File "/home/airflow/.local/lib/python3.7/site-packages/airflow/utils/log/file_task_handler.py", line 67, in emit
    self.handler.emit(record)
  File "/usr/local/lib/python3.7/logging/__init__.py", line 1127, in emit
    StreamHandler.emit(self, record)
  File "/usr/local/lib/python3.7/logging/__init__.py", line 1033, in emit
    self.handleError(record)
  File "/usr/local/lib/python3.7/logging/__init__.py", line 946, in handleError
    sys.stderr.write('--- Logging error ---\n')
  File "/home/airflow/.local/lib/python3.7/site-packages/airflow/utils/log/logging_mixin.py", line 127, in write
    self.flush()
  File "/home/airflow/.local/lib/python3.7/site-packages/airflow/utils/log/logging_mixin.py", line 134, in flush
    self._propagate_log(buf)
  File "/home/airflow/.local/lib/python3.7/site-packages/airflow/utils/log/logging_mixin.py", line 115, in _propagate_log
    self.logger.log(self.level, remove_escape_codes(message))
  File "/usr/local/lib/python3.7/logging/__init__.py", line 1444, in log
    self._log(level, msg, args, **kwargs)
  File "/usr/local/lib/python3.7/logging/__init__.py", line 1514, in _log
    self.handle(record)
  File "/usr/local/lib/python3.7/logging/__init__.py", line 1524, in handle
    self.callHandlers(record)
  File "/usr/local/lib/python3.7/logging/__init__.py", line 1586, in callHandlers
    hdlr.handle(record)
  File "/usr/local/lib/python3.7/logging/__init__.py", line 894, in handle
    self.emit(record)
  File "/home/airflow/.local/lib/python3.7/site-packages/airflow/utils/log/file_task_handler.py", line 67, in emit
    self.handler.emit(record)
  File "/usr/local/lib/python3.7/logging/__init__.py", line 1127, in emit
    StreamHandler.emit(self, record)
  File "/usr/local/lib/python3.7/logging/__init__.py", line 1033, in emit
    self.handleError(record)
  File "/usr/local/lib/python3.7/logging/__init__.py", line 946, in handleError
    sys.stderr.write('--- Logging error ---\n')
  File "/home/airflow/.local/lib/python3.7/site-packages/airflow/utils/log/logging_mixin.py", line 127, in write
    self.flush()
  File "/home/airflow/.local/lib/python3.7/site-packages/airflow/utils/log/logging_mixin.py", line 134, in flush
    self._propagate_log(buf)
  File "/home/airflow/.local/lib/python3.7/site-packages/airflow/utils/log/logging_mixin.py", line 115, in _propagate_log
    self.logger.log(self.level, remove_escape_codes(message))
  File "/usr/local/lib/python3.7/logging/__init__.py", line 1444, in log
    self._log(level, msg, args, **kwargs)
  File "/usr/local/lib/python3.7/logging/__init__.py", line 1514, in _log
    self.handle(record)
  File "/usr/local/lib/python3.7/logging/__init__.py", line 1524, in handle
    self.callHandlers(record)
  File "/usr/local/lib/python3.7/logging/__init__.py", line 1586, in callHandlers
    hdlr.handle(record)
  File "/usr/local/lib/python3.7/logging/__init__.py", line 894, in handle
    self.emit(record)
  File "/home/airflow/.local/lib/python3.7/site-packages/airflow/utils/log/file_task_handler.py", line 67, in emit
    self.handler.emit(record)
  File "/usr/local/lib/python3.7/logging/__init__.py", line 1127, in emit
    StreamHandler.emit(self, record)
  File "/usr/local/lib/python3.7/logging/__init__.py", line 1033, in emit
    self.handleError(record)
  File "/usr/local/lib/python3.7/logging/__init__.py", line 946, in handleError
    sys.stderr.write('--- Logging error ---\n')
  File "/home/airflow/.local/lib/python3.7/site-packages/airflow/utils/log/logging_mixin.py", line 127, in write
    self.flush()
  File "/home/airflow/.local/lib/python3.7/site-packages/airflow/utils/log/logging_mixin.py", line 134, in flush
    self._propagate_log(buf)
  File "/home/airflow/.local/lib/python3.7/site-packages/airflow/utils/log/logging_mixin.py", line 115, in _propagate_log
    self.logger.log(self.level, remove_escape_codes(message))
  File "/usr/local/lib/python3.7/logging/__init__.py", line 1444, in log
    self._log(level, msg, args, **kwargs)
  File "/usr/local/lib/python3.7/logging/__init__.py", line 1514, in _log
    self.handle(record)
  File "/usr/local/lib/python3.7/logging/__init__.py", line 1524, in handle
    self.callHandlers(record)
  File "/usr/local/lib/python3.7/logging/__init__.py", line 1586, in callHandlers
    hdlr.handle(record)
  File "/usr/local/lib/python3.7/logging/__init__.py", line 894, in handle
    self.emit(record)
  File "/home/airflow/.local/lib/python3.7/site-packages/airflow/utils/log/file_task_handler.py", line 67, in emit
    self.handler.emit(record)
  File "/usr/local/lib/python3.7/logging/__init__.py", line 1127, in emit
    StreamHandler.emit(self, record)
  File "/usr/local/lib/python3.7/logging/__init__.py", line 1033, in emit
    self.handleError(record)
  File "/usr/local/lib/python3.7/logging/__init__.py", line 946, in handleError
    sys.stderr.write('--- Logging error ---\n')
  File "/home/airflow/.local/lib/python3.7/site-packages/airflow/utils/log/logging_mixin.py", line 127, in write
    self.flush()
  File "/home/airflow/.local/lib/python3.7/site-packages/airflow/utils/log/logging_mixin.py", line 134, in flush
    self._propagate_log(buf)
  File "/home/airflow/.local/lib/python3.7/site-packages/airflow/utils/log/logging_mixin.py", line 115, in _propagate_log
    self.logger.log(self.level, remove_escape_codes(message))
  File "/usr/local/lib/python3.7/logging/__init__.py", line 1444, in log
    self._log(level, msg, args, **kwargs)
  File "/usr/local/lib/python3.7/logging/__init__.py", line 1514, in _log
    self.handle(record)
  File "/usr/local/lib/python3.7/logging/__init__.py", line 1524, in handle
    self.callHandlers(record)
  File "/usr/local/lib/python3.7/logging/__init__.py", line 1586, in callHandlers
    hdlr.handle(record)
  File "/usr/local/lib/python3.7/logging/__init__.py", line 894, in handle
    self.emit(record)
  File "/home/airflow/.local/lib/python3.7/site-packages/airflow/utils/log/file_task_handler.py", line 67, in emit
    self.handler.emit(record)
  File "/usr/local/lib/python3.7/logging/__init__.py", line 1127, in emit
    StreamHandler.emit(self, record)
  File "/usr/local/lib/python3.7/logging/__init__.py", line 1033, in emit
    self.handleError(record)
  File "/usr/local/lib/python3.7/logging/__init__.py", line 946, in handleError
    sys.stderr.write('--- Logging error ---\n')
  File "/home/airflow/.local/lib/python3.7/site-packages/airflow/utils/log/logging_mixin.py", line 127, in write
    self.flush()
  File "/home/airflow/.local/lib/python3.7/site-packages/airflow/utils/log/logging_mixin.py", line 134, in flush
    self._propagate_log(buf)
  File "/home/airflow/.local/lib/python3.7/site-packages/airflow/utils/log/logging_mixin.py", line 115, in _propagate_log
    self.logger.log(self.level, remove_escape_codes(message))
  File "/usr/local/lib/python3.7/logging/__init__.py", line 1444, in log
    self._log(level, msg, args, **kwargs)
  File "/usr/local/lib/python3.7/logging/__init__.py", line 1514, in _log
    self.handle(record)
  File "/usr/local/lib/python3.7/logging/__init__.py", line 1524, in handle
    self.callHandlers(record)
  File "/usr/local/lib/python3.7/logging/__init__.py", line 1586, in callHandlers
    hdlr.handle(record)
  File "/usr/local/lib/python3.7/logging/__init__.py", line 894, in handle
    self.emit(record)
  File "/home/airflow/.local/lib/python3.7/site-packages/airflow/utils/log/file_task_handler.py", line 67, in emit
    self.handler.emit(record)
  File "/usr/local/lib/python3.7/logging/__init__.py", line 1127, in emit
    StreamHandler.emit(self, record)
  File "/usr/local/lib/python3.7/logging/__init__.py", line 1033, in emit
    self.handleError(record)
  File "/usr/local/lib/python3.7/logging/__init__.py", line 946, in handleError
    sys.stderr.write('--- Logging error ---\n')
  File "/home/airflow/.local/lib/python3.7/site-packages/airflow/utils/log/logging_mixin.py", line 127, in write
    self.flush()
  File "/home/airflow/.local/lib/python3.7/site-packages/airflow/utils/log/logging_mixin.py", line 134, in flush
    self._propagate_log(buf)
  File "/home/airflow/.local/lib/python3.7/site-packages/airflow/utils/log/logging_mixin.py", line 115, in _propagate_log
    self.logger.log(self.level, remove_escape_codes(message))
  File "/usr/local/lib/python3.7/logging/__init__.py", line 1444, in log
    self._log(level, msg, args, **kwargs)
  File "/usr/local/lib/python3.7/logging/__init__.py", line 1514, in _log
    self.handle(record)
  File "/usr/local/lib/python3.7/logging/__init__.py", line 1524, in handle
    self.callHandlers(record)
  File "/usr/local/lib/python3.7/logging/__init__.py", line 1586, in callHandlers
    hdlr.handle(record)
  File "/usr/local/lib/python3.7/logging/__init__.py", line 894, in handle
    self.emit(record)
  File "/home/airflow/.local/lib/python3.7/site-packages/airflow/utils/log/file_task_handler.py", line 67, in emit
    self.handler.emit(record)
  File "/usr/local/lib/python3.7/logging/__init__.py", line 1127, in emit
    StreamHandler.emit(self, record)
  File "/usr/local/lib/python3.7/logging/__init__.py", line 1033, in emit
    self.handleError(record)
  File "/usr/local/lib/python3.7/logging/__init__.py", line 946, in handleError
    sys.stderr.write('--- Logging error ---\n')
  File "/home/airflow/.local/lib/python3.7/site-packages/airflow/utils/log/logging_mixin.py", line 127, in write
    self.flush()
  File "/home/airflow/.local/lib/python3.7/site-packages/airflow/utils/log/logging_mixin.py", line 134, in flush
    self._propagate_log(buf)
  File "/home/airflow/.local/lib/python3.7/site-packages/airflow/utils/log/logging_mixin.py", line 115, in _propagate_log
    self.logger.log(self.level, remove_escape_codes(message))
  File "/usr/local/lib/python3.7/logging/__init__.py", line 1444, in log
    self._log(level, msg, args, **kwargs)
  File "/usr/local/lib/python3.7/logging/__init__.py", line 1514, in _log
    self.handle(record)
  File "/usr/local/lib/python3.7/logging/__init__.py", line 1524, in handle
    self.callHandlers(record)
  File "/usr/local/lib/python3.7/logging/__init__.py", line 1586, in callHandlers
    hdlr.handle(record)
  File "/usr/local/lib/python3.7/logging/__init__.py", line 894, in handle
    self.emit(record)
  File "/home/airflow/.local/lib/python3.7/site-packages/airflow/utils/log/file_task_handler.py", line 67, in emit
    self.handler.emit(record)
  File "/usr/local/lib/python3.7/logging/__init__.py", line 1127, in emit
    StreamHandler.emit(self, record)
  File "/usr/local/lib/python3.7/logging/__init__.py", line 1033, in emit
    self.handleError(record)
  File "/usr/local/lib/python3.7/logging/__init__.py", line 946, in handleError
    sys.stderr.write('--- Logging error ---\n')
  File "/home/airflow/.local/lib/python3.7/site-packages/airflow/utils/log/logging_mixin.py", line 127, in write
    self.flush()
  File "/home/airflow/.local/lib/python3.7/site-packages/airflow/utils/log/logging_mixin.py", line 134, in flush
    self._propagate_log(buf)
  File "/home/airflow/.local/lib/python3.7/site-packages/airflow/utils/log/logging_mixin.py", line 115, in _propagate_log
    self.logger.log(self.level, remove_escape_codes(message))
  File "/usr/local/lib/python3.7/logging/__init__.py", line 1444, in log
    self._log(level, msg, args, **kwargs)
  File "/usr/local/lib/python3.7/logging/__init__.py", line 1514, in _log
    self.handle(record)
  File "/usr/local/lib/python3.7/logging/__init__.py", line 1524, in handle
    self.callHandlers(record)
  File "/usr/local/lib/python3.7/logging/__init__.py", line 1586, in callHandlers
    hdlr.handle(record)
  File "/usr/local/lib/python3.7/logging/__init__.py", line 894, in handle
    self.emit(record)
  File "/home/airflow/.local/lib/python3.7/site-packages/airflow/utils/log/file_task_handler.py", line 67, in emit
    self.handler.emit(record)
  File "/usr/local/lib/python3.7/logging/__init__.py", line 1127, in emit
    StreamHandler.emit(self, record)
  File "/usr/local/lib/python3.7/logging/__init__.py", line 1033, in emit
    self.handleError(record)
  File "/usr/local/lib/python3.7/logging/__init__.py", line 946, in handleError
    sys.stderr.write('--- Logging error ---\n')
  File "/home/airflow/.local/lib/python3.7/site-packages/airflow/utils/log/logging_mixin.py", line 127, in write
    self.flush()
  File "/home/airflow/.local/lib/python3.7/site-packages/airflow/utils/log/logging_mixin.py", line 134, in flush
    self._propagate_log(buf)
  File "/home/airflow/.local/lib/python3.7/site-packages/airflow/utils/log/logging_mixin.py", line 115, in _propagate_log
    self.logger.log(self.level, remove_escape_codes(message))
  File "/usr/local/lib/python3.7/logging/__init__.py", line 1444, in log
    self._log(level, msg, args, **kwargs)
  File "/usr/local/lib/python3.7/logging/__init__.py", line 1514, in _log
    self.handle(record)
  File "/usr/local/lib/python3.7/logging/__init__.py", line 1524, in handle
    self.callHandlers(record)
  File "/usr/local/lib/python3.7/logging/__init__.py", line 1586, in callHandlers
    hdlr.handle(record)
  File "/usr/local/lib/python3.7/logging/__init__.py", line 894, in handle
    self.emit(record)
  File "/home/airflow/.local/lib/python3.7/site-packages/airflow/utils/log/file_task_handler.py", line 67, in emit
    self.handler.emit(record)
  File "/usr/local/lib/python3.7/logging/__init__.py", line 1127, in emit
    StreamHandler.emit(self, record)
  File "/usr/local/lib/python3.7/logging/__init__.py", line 1033, in emit
    self.handleError(record)
  File "/usr/local/lib/python3.7/logging/__init__.py", line 946, in handleError
    sys.stderr.write('--- Logging error ---\n')
  File "/home/airflow/.local/lib/python3.7/site-packages/airflow/utils/log/logging_mixin.py", line 127, in write
    self.flush()
  File "/home/airflow/.local/lib/python3.7/site-packages/airflow/utils/log/logging_mixin.py", line 134, in flush
    self._propagate_log(buf)
  File "/home/airflow/.local/lib/python3.7/site-packages/airflow/utils/log/logging_mixin.py", line 115, in _propagate_log
    self.logger.log(self.level, remove_escape_codes(message))
  File "/usr/local/lib/python3.7/logging/__init__.py", line 1444, in log
    self._log(level, msg, args, **kwargs)
  File "/usr/local/lib/python3.7/logging/__init__.py", line 1514, in _log
    self.handle(record)
  File "/usr/local/lib/python3.7/logging/__init__.py", line 1524, in handle
    self.callHandlers(record)
  File "/usr/local/lib/python3.7/logging/__init__.py", line 1586, in callHandlers
    hdlr.handle(record)
  File "/usr/local/lib/python3.7/logging/__init__.py", line 894, in handle
    self.emit(record)
  File "/home/airflow/.local/lib/python3.7/site-packages/airflow/utils/log/file_task_handler.py", line 67, in emit
    self.handler.emit(record)
  File "/usr/local/lib/python3.7/logging/__init__.py", line 1127, in emit
    StreamHandler.emit(self, record)
  File "/usr/local/lib/python3.7/logging/__init__.py", line 1033, in emit
    self.handleError(record)
  File "/usr/local/lib/python3.7/logging/__init__.py", line 946, in handleError
    sys.stderr.write('--- Logging error ---\n')
  File "/home/airflow/.local/lib/python3.7/site-packages/airflow/utils/log/logging_mixin.py", line 127, in write
    self.flush()
  File "/home/airflow/.local/lib/python3.7/site-packages/airflow/utils/log/logging_mixin.py", line 134, in flush
    self._propagate_log(buf)
  File "/home/airflow/.local/lib/python3.7/site-packages/airflow/utils/log/logging_mixin.py", line 115, in _propagate_log
    self.logger.log(self.level, remove_escape_codes(message))
  File "/usr/local/lib/python3.7/logging/__init__.py", line 1444, in log
    self._log(level, msg, args, **kwargs)
  File "/usr/local/lib/python3.7/logging/__init__.py", line 1514, in _log
    self.handle(record)
  File "/usr/local/lib/python3.7/logging/__init__.py", line 1524, in handle
    self.callHandlers(record)
  File "/usr/local/lib/python3.7/logging/__init__.py", line 1586, in callHandlers
    hdlr.handle(record)
  File "/usr/local/lib/python3.7/logging/__init__.py", line 894, in handle
    self.emit(record)
  File "/home/airflow/.local/lib/python3.7/site-packages/airflow/utils/log/file_task_handler.py", line 67, in emit
    self.handler.emit(record)
  File "/usr/local/lib/python3.7/logging/__init__.py", line 1127, in emit
    StreamHandler.emit(self, record)
  File "/usr/local/lib/python3.7/logging/__init__.py", line 1033, in emit
    self.handleError(record)
  File "/usr/local/lib/python3.7/logging/__init__.py", line 946, in handleError
    sys.stderr.write('--- Logging error ---\n')
  File "/home/airflow/.local/lib/python3.7/site-packages/airflow/utils/log/logging_mixin.py", line 127, in write
    self.flush()
  File "/home/airflow/.local/lib/python3.7/site-packages/airflow/utils/log/logging_mixin.py", line 134, in flush
    self._propagate_log(buf)
  File "/home/airflow/.local/lib/python3.7/site-packages/airflow/utils/log/logging_mixin.py", line 115, in _propagate_log
    self.logger.log(self.level, remove_escape_codes(message))
  File "/usr/local/lib/python3.7/logging/__init__.py", line 1444, in log
    self._log(level, msg, args, **kwargs)
  File "/usr/local/lib/python3.7/logging/__init__.py", line 1514, in _log
    self.handle(record)
  File "/usr/local/lib/python3.7/logging/__init__.py", line 1524, in handle
    self.callHandlers(record)
  File "/usr/local/lib/python3.7/logging/__init__.py", line 1586, in callHandlers
    hdlr.handle(record)
  File "/usr/local/lib/python3.7/logging/__init__.py", line 894, in handle
    self.emit(record)
  File "/home/airflow/.local/lib/python3.7/site-packages/airflow/utils/log/file_task_handler.py", line 67, in emit
    self.handler.emit(record)
  File "/usr/local/lib/python3.7/logging/__init__.py", line 1127, in emit
    StreamHandler.emit(self, record)
  File "/usr/local/lib/python3.7/logging/__init__.py", line 1033, in emit
    self.handleError(record)
  File "/usr/local/lib/python3.7/logging/__init__.py", line 946, in handleError
    sys.stderr.write('--- Logging error ---\n')
  File "/home/airflow/.local/lib/python3.7/site-packages/airflow/utils/log/logging_mixin.py", line 127, in write
    self.flush()
  File "/home/airflow/.local/lib/python3.7/site-packages/airflow/utils/log/logging_mixin.py", line 134, in flush
    self._propagate_log(buf)
  File "/home/airflow/.local/lib/python3.7/site-packages/airflow/utils/log/logging_mixin.py", line 115, in _propagate_log
    self.logger.log(self.level, remove_escape_codes(message))
  File "/usr/local/lib/python3.7/logging/__init__.py", line 1444, in log
    self._log(level, msg, args, **kwargs)
  File "/usr/local/lib/python3.7/logging/__init__.py", line 1514, in _log
    self.handle(record)
  File "/usr/local/lib/python3.7/logging/__init__.py", line 1524, in handle
    self.callHandlers(record)
  File "/usr/local/lib/python3.7/logging/__init__.py", line 1586, in callHandlers
    hdlr.handle(record)
  File "/usr/local/lib/python3.7/logging/__init__.py", line 894, in handle
    self.emit(record)
  File "/home/airflow/.local/lib/python3.7/site-packages/airflow/utils/log/file_task_handler.py", line 67, in emit
    self.handler.emit(record)
  File "/usr/local/lib/python3.7/logging/__init__.py", line 1127, in emit
    StreamHandler.emit(self, record)
  File "/usr/local/lib/python3.7/logging/__init__.py", line 1033, in emit
    self.handleError(record)
  File "/usr/local/lib/python3.7/logging/__init__.py", line 946, in handleError
    sys.stderr.write('--- Logging error ---\n')
  File "/home/airflow/.local/lib/python3.7/site-packages/airflow/utils/log/logging_mixin.py", line 127, in write
    self.flush()
  File "/home/airflow/.local/lib/python3.7/site-packages/airflow/utils/log/logging_mixin.py", line 134, in flush
    self._propagate_log(buf)
  File "/home/airflow/.local/lib/python3.7/site-packages/airflow/utils/log/logging_mixin.py", line 115, in _propagate_log
    self.logger.log(self.level, remove_escape_codes(message))
  File "/usr/local/lib/python3.7/logging/__init__.py", line 1444, in log
    self._log(level, msg, args, **kwargs)
  File "/usr/local/lib/python3.7/logging/__init__.py", line 1514, in _log
    self.handle(record)
  File "/usr/local/lib/python3.7/logging/__init__.py", line 1524, in handle
    self.callHandlers(record)
  File "/usr/local/lib/python3.7/logging/__init__.py", line 1586, in callHandlers
    hdlr.handle(record)
  File "/usr/local/lib/python3.7/logging/__init__.py", line 894, in handle
    self.emit(record)
  File "/home/airflow/.local/lib/python3.7/site-packages/airflow/utils/log/file_task_handler.py", line 67, in emit
    self.handler.emit(record)
  File "/usr/local/lib/python3.7/logging/__init__.py", line 1127, in emit
    StreamHandler.emit(self, record)
  File "/usr/local/lib/python3.7/logging/__init__.py", line 1033, in emit
    self.handleError(record)
  File "/usr/local/lib/python3.7/logging/__init__.py", line 946, in handleError
    sys.stderr.write('--- Logging error ---\n')
  File "/home/airflow/.local/lib/python3.7/site-packages/airflow/utils/log/logging_mixin.py", line 127, in write
    self.flush()
  File "/home/airflow/.local/lib/python3.7/site-packages/airflow/utils/log/logging_mixin.py", line 134, in flush
    self._propagate_log(buf)
  File "/home/airflow/.local/lib/python3.7/site-packages/airflow/utils/log/logging_mixin.py", line 115, in _propagate_log
    self.logger.log(self.level, remove_escape_codes(message))
  File "/usr/local/lib/python3.7/logging/__init__.py", line 1444, in log
    self._log(level, msg, args, **kwargs)
  File "/usr/local/lib/python3.7/logging/__init__.py", line 1514, in _log
    self.handle(record)
  File "/usr/local/lib/python3.7/logging/__init__.py", line 1524, in handle
    self.callHandlers(record)
  File "/usr/local/lib/python3.7/logging/__init__.py", line 1586, in callHandlers
    hdlr.handle(record)
  File "/usr/local/lib/python3.7/logging/__init__.py", line 894, in handle
    self.emit(record)
  File "/home/airflow/.local/lib/python3.7/site-packages/airflow/utils/log/file_task_handler.py", line 67, in emit
    self.handler.emit(record)
  File "/usr/local/lib/python3.7/logging/__init__.py", line 1127, in emit
    StreamHandler.emit(self, record)
  File "/usr/local/lib/python3.7/logging/__init__.py", line 1033, in emit
    self.handleError(record)
  File "/usr/local/lib/python3.7/logging/__init__.py", line 946, in handleError
    sys.stderr.write('--- Logging error ---\n')
  File "/home/airflow/.local/lib/python3.7/site-packages/airflow/utils/log/logging_mixin.py", line 127, in write
    self.flush()
  File "/home/airflow/.local/lib/python3.7/site-packages/airflow/utils/log/logging_mixin.py", line 134, in flush
    self._propagate_log(buf)
  File "/home/airflow/.local/lib/python3.7/site-packages/airflow/utils/log/logging_mixin.py", line 115, in _propagate_log
    self.logger.log(self.level, remove_escape_codes(message))
  File "/usr/local/lib/python3.7/logging/__init__.py", line 1444, in log
    self._log(level, msg, args, **kwargs)
  File "/usr/local/lib/python3.7/logging/__init__.py", line 1514, in _log
    self.handle(record)
  File "/usr/local/lib/python3.7/logging/__init__.py", line 1524, in handle
    self.callHandlers(record)
  File "/usr/local/lib/python3.7/logging/__init__.py", line 1586, in callHandlers
    hdlr.handle(record)
  File "/usr/local/lib/python3.7/logging/__init__.py", line 894, in handle
    self.emit(record)
  File "/home/airflow/.local/lib/python3.7/site-packages/airflow/utils/log/file_task_handler.py", line 67, in emit
    self.handler.emit(record)
  File "/usr/local/lib/python3.7/logging/__init__.py", line 1127, in emit
    StreamHandler.emit(self, record)
  File "/usr/local/lib/python3.7/logging/__init__.py", line 1033, in emit
    self.handleError(record)
  File "/usr/local/lib/python3.7/logging/__init__.py", line 946, in handleError
    sys.stderr.write('--- Logging error ---\n')
  File "/home/airflow/.local/lib/python3.7/site-packages/airflow/utils/log/logging_mixin.py", line 127, in write
    self.flush()
  File "/home/airflow/.local/lib/python3.7/site-packages/airflow/utils/log/logging_mixin.py", line 134, in flush
    self._propagate_log(buf)
  File "/home/airflow/.local/lib/python3.7/site-packages/airflow/utils/log/logging_mixin.py", line 115, in _propagate_log
    self.logger.log(self.level, remove_escape_codes(message))
  File "/usr/local/lib/python3.7/logging/__init__.py", line 1444, in log
    self._log(level, msg, args, **kwargs)
  File "/usr/local/lib/python3.7/logging/__init__.py", line 1514, in _log
    self.handle(record)
  File "/usr/local/lib/python3.7/logging/__init__.py", line 1524, in handle
    self.callHandlers(record)
  File "/usr/local/lib/python3.7/logging/__init__.py", line 1586, in callHandlers
    hdlr.handle(record)
  File "/usr/local/lib/python3.7/logging/__init__.py", line 894, in handle
    self.emit(record)
  File "/home/airflow/.local/lib/python3.7/site-packages/airflow/utils/log/file_task_handler.py", line 67, in emit
    self.handler.emit(record)
  File "/usr/local/lib/python3.7/logging/__init__.py", line 1127, in emit
    StreamHandler.emit(self, record)
  File "/usr/local/lib/python3.7/logging/__init__.py", line 1033, in emit
    self.handleError(record)
  File "/usr/local/lib/python3.7/logging/__init__.py", line 946, in handleError
    sys.stderr.write('--- Logging error ---\n')
  File "/home/airflow/.local/lib/python3.7/site-packages/airflow/utils/log/logging_mixin.py", line 127, in write
    self.flush()
  File "/home/airflow/.local/lib/python3.7/site-packages/airflow/utils/log/logging_mixin.py", line 134, in flush
    self._propagate_log(buf)
  File "/home/airflow/.local/lib/python3.7/site-packages/airflow/utils/log/logging_mixin.py", line 115, in _propagate_log
    self.logger.log(self.level, remove_escape_codes(message))
  File "/usr/local/lib/python3.7/logging/__init__.py", line 1444, in log
    self._log(level, msg, args, **kwargs)
  File "/usr/local/lib/python3.7/logging/__init__.py", line 1514, in _log
    self.handle(record)
  File "/usr/local/lib/python3.7/logging/__init__.py", line 1524, in handle
    self.callHandlers(record)
  File "/usr/local/lib/python3.7/logging/__init__.py", line 1586, in callHandlers
    hdlr.handle(record)
  File "/usr/local/lib/python3.7/logging/__init__.py", line 894, in handle
    self.emit(record)
  File "/home/airflow/.local/lib/python3.7/site-packages/airflow/utils/log/file_task_handler.py", line 67, in emit
    self.handler.emit(record)
  File "/usr/local/lib/python3.7/logging/__init__.py", line 1127, in emit
    StreamHandler.emit(self, record)
  File "/usr/local/lib/python3.7/logging/__init__.py", line 1033, in emit
    self.handleError(record)
  File "/usr/local/lib/python3.7/logging/__init__.py", line 946, in handleError
    sys.stderr.write('--- Logging error ---\n')
  File "/home/airflow/.local/lib/python3.7/site-packages/airflow/utils/log/logging_mixin.py", line 127, in write
    self.flush()
  File "/home/airflow/.local/lib/python3.7/site-packages/airflow/utils/log/logging_mixin.py", line 134, in flush
    self._propagate_log(buf)
  File "/home/airflow/.local/lib/python3.7/site-packages/airflow/utils/log/logging_mixin.py", line 115, in _propagate_log
    self.logger.log(self.level, remove_escape_codes(message))
  File "/usr/local/lib/python3.7/logging/__init__.py", line 1444, in log
    self._log(level, msg, args, **kwargs)
  File "/usr/local/lib/python3.7/logging/__init__.py", line 1514, in _log
    self.handle(record)
  File "/usr/local/lib/python3.7/logging/__init__.py", line 1524, in handle
    self.callHandlers(record)
  File "/usr/local/lib/python3.7/logging/__init__.py", line 1586, in callHandlers
    hdlr.handle(record)
  File "/usr/local/lib/python3.7/logging/__init__.py", line 894, in handle
    self.emit(record)
  File "/home/airflow/.local/lib/python3.7/site-packages/airflow/utils/log/file_task_handler.py", line 67, in emit
    self.handler.emit(record)
  File "/usr/local/lib/python3.7/logging/__init__.py", line 1127, in emit
    StreamHandler.emit(self, record)
  File "/usr/local/lib/python3.7/logging/__init__.py", line 1033, in emit
    self.handleError(record)
  File "/usr/local/lib/python3.7/logging/__init__.py", line 946, in handleError
    sys.stderr.write('--- Logging error ---\n')
  File "/home/airflow/.local/lib/python3.7/site-packages/airflow/utils/log/logging_mixin.py", line 127, in write
    self.flush()
  File "/home/airflow/.local/lib/python3.7/site-packages/airflow/utils/log/logging_mixin.py", line 134, in flush
    self._propagate_log(buf)
  File "/home/airflow/.local/lib/python3.7/site-packages/airflow/utils/log/logging_mixin.py", line 115, in _propagate_log
    self.logger.log(self.level, remove_escape_codes(message))
  File "/usr/local/lib/python3.7/logging/__init__.py", line 1444, in log
    self._log(level, msg, args, **kwargs)
  File "/usr/local/lib/python3.7/logging/__init__.py", line 1502, in _log
    fn, lno, func, sinfo = self.findCaller(stack_info)
  File "/usr/local/lib/python3.7/logging/__init__.py", line 1451, in findCaller
    f = currentframe()
RecursionError: maximum recursion depth exceeded
[2022-11-25 03:52:17,225] {taskinstance.py:1400} INFO - Marking task as FAILED. dag_id=etl_solar, task_id=checkfiles.check_energy_file_1, execution_date=20221124T000000, start_date=20221125T035215, end_date=20221125T035217
[2022-11-25 03:52:17,313] {standard_task_runner.py:97} ERROR - Failed to execute job 269 for task checkfiles.check_energy_file_1 (maximum recursion depth exceeded; 73)
[2022-11-25 03:52:17,371] {process_utils.py:75} INFO - Process psutil.Process(pid=73, status='terminated', exitcode=1, started='03:52:15') (73) terminated with exit code 1
[2022-11-25 03:52:17,372] {local_task_job.py:156} INFO - Task exited with return code 143
[2022-11-25 03:52:17,533] {local_task_job.py:273} INFO - 0 downstream tasks scheduled from follow-on schedule check
