[2022-12-11T08:23:27.791+0000] {taskinstance.py:1165} INFO - Dependencies all met for <TaskInstance: etl_solar.storage.save_weather_data manual__2022-12-11T08:22:24.302438+00:00 [queued]>
[2022-12-11T08:23:27.875+0000] {taskinstance.py:1165} INFO - Dependencies all met for <TaskInstance: etl_solar.storage.save_weather_data manual__2022-12-11T08:22:24.302438+00:00 [queued]>
[2022-12-11T08:23:27.877+0000] {taskinstance.py:1362} INFO - 
--------------------------------------------------------------------------------
[2022-12-11T08:23:27.879+0000] {taskinstance.py:1363} INFO - Starting attempt 1 of 1
[2022-12-11T08:23:27.881+0000] {taskinstance.py:1364} INFO - 
--------------------------------------------------------------------------------
[2022-12-11T08:23:27.974+0000] {taskinstance.py:1383} INFO - Executing <Task(PythonOperator): storage.save_weather_data> on 2022-12-11 08:22:24.302438+00:00
[2022-12-11T08:23:27.989+0000] {standard_task_runner.py:55} INFO - Started process 398 to run task
[2022-12-11T08:23:28.008+0000] {standard_task_runner.py:82} INFO - Running: ['***', 'tasks', 'run', 'etl_solar', 'storage.save_weather_data', 'manual__2022-12-11T08:22:24.302438+00:00', '--job-id', '100', '--raw', '--subdir', 'DAGS_FOLDER/dag_preprocess.py', '--cfg-path', '/tmp/tmpugar0kiq']
[2022-12-11T08:23:28.021+0000] {standard_task_runner.py:83} INFO - Job 100: Subtask storage.save_weather_data
[2022-12-11T08:23:28.400+0000] {task_command.py:376} INFO - Running <TaskInstance: etl_solar.storage.save_weather_data manual__2022-12-11T08:22:24.302438+00:00 [running]> on host 01c108b234e9
[2022-12-11T08:23:28.862+0000] {taskinstance.py:1592} INFO - Exporting the following env vars:
AIRFLOW_CTX_DAG_OWNER=***
AIRFLOW_CTX_DAG_ID=etl_solar
AIRFLOW_CTX_TASK_ID=storage.save_weather_data
AIRFLOW_CTX_EXECUTION_DATE=2022-12-11T08:22:24.302438+00:00
AIRFLOW_CTX_TRY_NUMBER=1
AIRFLOW_CTX_DAG_RUN_ID=manual__2022-12-11T08:22:24.302438+00:00
[2022-12-11T08:23:29.764+0000] {taskinstance.py:1851} ERROR - Task failed with exception
Traceback (most recent call last):
  File "/opt/airflow/dags/groups/group_storage.py", line 24, in save_to_google_stroage
    bucket=client.get_bucket(bucket)
  File "/home/airflow/.local/lib/python3.7/site-packages/google/cloud/storage/client.py", line 770, in get_bucket
    retry=retry,
  File "/home/airflow/.local/lib/python3.7/site-packages/google/cloud/storage/bucket.py", line 1016, in reload
    retry=retry,
  File "/home/airflow/.local/lib/python3.7/site-packages/google/cloud/storage/_helpers.py", line 228, in reload
    self.path,
  File "/home/airflow/.local/lib/python3.7/site-packages/google/cloud/storage/bucket.py", line 1098, in path
    raise ValueError("Cannot determine path without bucket name.")
ValueError: Cannot determine path without bucket name.

During handling of the above exception, another exception occurred:

Traceback (most recent call last):
  File "/home/airflow/.local/lib/python3.7/site-packages/airflow/operators/python.py", line 175, in execute
    return_value = self.execute_callable()
  File "/home/airflow/.local/lib/python3.7/site-packages/airflow/operators/python.py", line 193, in execute_callable
    return self.python_callable(*self.op_args, **self.op_kwargs)
  File "/opt/airflow/dags/groups/group_storage.py", line 26, in save_to_google_stroage
    bucket=client.create_bucket(bucket,location="asia")
  File "/home/airflow/.local/lib/python3.7/site-packages/google/cloud/storage/client.py", line 962, in create_bucket
    _target_object=bucket,
  File "/home/airflow/.local/lib/python3.7/site-packages/google/cloud/storage/client.py", line 596, in _post_resource
    _target_object=_target_object,
  File "/home/airflow/.local/lib/python3.7/site-packages/google/cloud/storage/_http.py", line 80, in api_request
    return call()
  File "/home/airflow/.local/lib/python3.7/site-packages/google/api_core/retry.py", line 288, in retry_wrapped_func
    on_error=on_error,
  File "/home/airflow/.local/lib/python3.7/site-packages/google/api_core/retry.py", line 190, in retry_target
    return target()
  File "/home/airflow/.local/lib/python3.7/site-packages/google/cloud/_http/__init__.py", line 494, in api_request
    raise exceptions.from_http_response(response)
google.api_core.exceptions.BadRequest: 400 POST https://storage.googleapis.com/storage/v1/b?project=my-kubeflow-370515&prettyPrint=false: Empty bucket name
[2022-12-11T08:23:29.824+0000] {taskinstance.py:1406} INFO - Marking task as FAILED. dag_id=etl_solar, task_id=storage.save_weather_data, execution_date=20221211T082224, start_date=20221211T082327, end_date=20221211T082329
[2022-12-11T08:23:29.895+0000] {standard_task_runner.py:105} ERROR - Failed to execute job 100 for task storage.save_weather_data (400 POST https://storage.googleapis.com/storage/v1/b?project=my-kubeflow-370515&prettyPrint=false: Empty bucket name; 398)
[2022-12-11T08:23:29.948+0000] {local_task_job.py:164} INFO - Task exited with return code 1
[2022-12-11T08:23:30.147+0000] {local_task_job.py:273} INFO - 0 downstream tasks scheduled from follow-on schedule check
